[00:15:26] ========================================
Peer 4 started just right now
===================================================
[00:15:26] You have entered the torrent
[00:15:26] I am informing the tracker that I am still alive.
[00:15:40] You have asked the tracker to SCRAPE the file VID1.mkv
[00:18:15] ========================================
Peer 4 started just right now
===================================================
[00:18:15] You have entered the torrent
[00:18:15] I am informing the tracker that I am still alive.
[00:18:19] You have asked the tracker to SCRAPE the file VID1.mkv
[00:18:35] I am informing the tracker that I am still alive.
[00:18:55] I am informing the tracker that I am still alive.
[00:20:02] ========================================
Peer 4 started just right now
===================================================
[00:20:02] You have entered the torrent
[00:20:02] I am informing the tracker that I am still alive.
[00:20:05] You have asked the tracker to SCRAPE the file VID1.mkv
[00:20:05] Scrape results for file VID1.mkv: Number of seeders: 1, Number of leechers: 0
[00:20:22] I am informing the tracker that I am still alive.
[00:20:42] I am informing the tracker that I am still alive.
[00:21:02] I am informing the tracker that I am still alive.
[00:21:22] I am informing the tracker that I am still alive.
[00:21:42] I am informing the tracker that I am still alive.
[00:22:02] I am informing the tracker that I am still alive.
[00:22:22] I am informing the tracker that I am still alive.
[00:22:42] I am informing the tracker that I am still alive.
[00:23:02] I am informing the tracker that I am still alive.
[00:23:22] I am informing the tracker that I am still alive.
[00:23:42] I am informing the tracker that I am still alive.
[00:24:02] I am informing the tracker that I am still alive.
[00:24:22] I am informing the tracker that I am still alive.
[00:24:42] I am informing the tracker that I am still alive.
[00:25:02] I am informing the tracker that I am still alive.
[00:25:22] I am informing the tracker that I am still alive.
[00:25:42] I am informing the tracker that I am still alive.
[14:23:58] You have entered the torrent
[14:23:58] Still here
[14:24:16] Still here
[14:24:28] You don't own the file cn.pdf
[14:24:36] Still here
[14:24:56] Still here
[14:25:04] You are now DOWNLOADING the file cn.pdf
[14:25:16] Still here
[14:25:36] Still here
[14:25:56] Still here
[14:26:16] Still here
[14:26:36] Still here
[14:26:56] Still here
[14:28:16] ========================================
Peer 4 started just right now
===================================================
[14:28:16] You have entered the torrent
[14:28:16] Still here
[14:28:36] Still here
[14:28:49] You are now DOWNLOADING the file cn.pdf
[14:28:49] You are going to download the file cn.pdf from [1]
[14:28:49] The size of the file cn.pdf is 6389067 bytes
[14:28:49] I sent request for a chunk of file cn.pdf to peer 1
[14:28:50] All chunks of file cn.pdf have been downloaded, but they must be REASSEMBLED
[14:28:50] All chunks of file cn.pdf have been SORTED, they are almost ready to be REASSEMBLED
[14:28:50] The file cn.pdf has been downloaded and saved
[14:28:56] Still here
[14:29:16] Still here
[14:29:36] Still here
[14:29:56] Still here
[14:30:16] Still here
[14:30:36] Still here
