[15:31:55] You have entered the torrent
[15:31:55] Still here
[15:32:02] You are now DOWNLOADING the file cn.pdf
[15:32:02] You are going to download the file cn.pdf from [1, 2, 3]
[15:32:02] The size of the file cn.pdf is 6389067 bytes
[15:32:02] I sent request for a chunk of file cn.pdf to peer 1
[15:32:02] I sent request for a chunk of file cn.pdf to peer 3
[15:32:02] I sent request for a chunk of file cn.pdf to peer 2
[15:32:02] All chunks of file cn.pdf have been downloaded, but they must be REASSEMBLED
[15:32:02] All chunks of file cn.pdf have been SORTED, they are almost ready to be REASSEMBLED
[15:32:02] The file cn.pdf has been downloaded and saved
[15:32:12] Still here
[15:52:24] Still here
[15:52:24] Still here
[15:52:24] Still here
[15:52:24] Still here
[15:52:24] Still here
[15:52:24] Still here
[15:52:24] Still here
[15:52:24] Still here
[15:52:24] Still here
[15:52:24] Still here
[15:52:24] Still here
[15:52:24] Still here
[15:52:24] Still here
[15:52:24] Still here
[15:52:24] Still here
[15:52:24] Still here
[15:52:24] Still here
[15:52:24] Still here
[15:52:24] Still here
[15:52:24] Still here
[15:52:24] Still here
[15:52:24] Still here
[15:52:24] Still here
[15:52:24] Still here
[15:52:24] Still here
[15:52:24] Still here
[15:52:24] Still here
[15:52:24] Still here
[15:52:24] Still here
[15:52:24] Still here
[15:52:24] Still here
[15:52:24] Still here
[15:52:24] Still here
[15:52:24] Still here
[15:52:24] Still here
[15:52:24] Still here
[15:52:24] Still here
[15:52:24] Still here
[15:52:24] Still here
[15:52:24] Still here
[15:52:24] Still here
[15:52:24] Still here
[15:52:24] Still here
[15:52:24] Still here
[15:52:24] Still here
[15:52:24] Still here
[15:52:24] Still here
[15:52:24] Still here
[15:52:24] Still here
[15:52:24] Still here
[15:52:24] Still here
[15:52:24] Still here
[15:52:24] Still here
[15:52:24] Still here
[15:52:24] Still here
[15:52:24] Still here
[15:52:24] Still here
[15:52:24] Still here
[15:52:24] Still here
[15:52:24] Still here
[15:52:32] Still here
[15:52:52] Still here
[15:57:07] Still here
[15:57:07] Still here
[15:57:07] Still here
[15:57:07] Still here
[15:57:07] Still here
[15:57:07] Still here
[15:57:07] Still here
[15:57:07] Still here
[15:57:07] Still here
[15:57:07] Still here
[15:57:07] Still here
[15:57:07] Still here
[15:57:12] Still here
[15:57:32] Still here
[15:58:53] Still here
[15:58:53] Still here
[15:58:53] Still here
[15:58:53] Still here
[15:59:12] Still here
[15:59:32] Still here
[15:59:52] Still here
[16:00:12] Still here
[16:00:32] Still here
[16:00:52] Still here
[16:01:12] Still here
[16:01:32] Still here
[16:01:52] Still here
[16:02:12] Still here
[16:02:32] Still here
[16:02:52] Still here
[16:03:12] Still here
[16:03:32] Still here
[16:03:52] Still here
[16:04:12] Still here
[16:04:32] Still here
[16:04:52] Still here
[16:05:12] Still here
[16:05:32] Still here
[16:05:52] Still here
[16:06:12] Still here
[16:06:32] Still here
[16:06:52] Still here
[16:07:12] Still here
[16:07:32] Still here
[16:07:52] Still here
[16:08:12] Still here
[16:08:32] Still here
[16:08:52] Still here
[16:09:12] Still here
[16:09:32] Still here
[16:09:52] Still here
[16:10:12] Still here
[16:10:32] Still here
[16:10:52] Still here
[16:11:12] Still here
[16:11:32] Still here
[16:11:52] Still here
[16:12:12] Still here
[16:12:32] Still here
[16:12:52] Still here
[16:13:12] Still here
[16:13:32] Still here
[16:13:52] Still here
[16:14:12] Still here
[16:14:32] Still here
[16:14:52] Still here
[16:15:12] Still here
[16:15:32] Still here
[16:15:52] Still here
[16:16:12] Still here
[16:16:32] Still here
[16:16:52] Still here
[16:17:12] Still here
[16:17:32] Still here
[16:17:52] Still here
[16:18:12] Still here
[16:18:32] Still here
[16:18:52] Still here
[16:19:12] Still here
[16:19:32] Still here
[16:19:52] Still here
[16:20:12] Still here
[16:20:32] Still here
[16:20:52] Still here
[16:21:12] Still here
[16:21:32] Still here
[16:21:52] Still here
[16:22:12] Still here
[16:22:32] Still here
[16:22:52] Still here
[16:23:12] Still here
[16:23:32] Still here
[16:23:52] Still here
[16:24:12] Still here
[16:24:32] Still here
[16:24:52] Still here
[16:25:12] Still here
[16:25:32] Still here
[16:25:52] Still here
[16:26:12] Still here
[16:26:32] Still here
[16:26:52] Still here
[16:27:12] Still here
[16:27:32] Still here
[16:27:52] Still here
[16:28:12] Still here
[16:28:32] Still here
[16:28:52] Still here
[16:29:12] Still here
[16:29:32] Still here
[16:29:52] Still here
[16:30:12] Still here
[16:30:32] Still here
[16:30:52] Still here
[16:31:12] Still here
[16:31:32] Still here
[16:31:52] Still here
[16:32:12] Still here
[16:32:32] Still here
[16:32:52] Still here
[16:33:12] Still here
[16:33:32] Still here
[16:33:52] Still here
[16:34:12] Still here
[16:34:32] Still here
[16:34:52] Still here
[16:35:12] Still here
[16:35:32] Still here
[16:35:52] Still here
[16:36:12] Still here
[16:36:32] Still here
[16:36:52] Still here
[16:37:12] Still here
[16:37:32] Still here
[16:37:52] Still here
[16:38:12] Still here
[16:38:32] Still here
[16:38:52] Still here
[16:39:12] Still here
[16:39:32] Still here
[16:39:52] Still here
[16:40:12] Still here
[16:40:32] Still here
[16:40:52] Still here
[16:41:12] Still here
[16:41:32] Still here
[16:41:52] Still here
[16:42:12] Still here
[16:42:32] Still here
[16:42:52] Still here
[16:43:12] Still here
[16:43:32] Still here
[16:43:52] Still here
[16:44:12] Still here
[16:44:32] Still here
[16:44:52] Still here
[16:45:12] Still here
[16:45:32] Still here
[16:45:52] Still here
[16:46:12] Still here
[16:46:32] Still here
[16:46:52] Still here
[16:47:12] Still here
[16:47:32] Still here
[16:47:52] Still here
[16:48:12] Still here
[16:48:32] Still here
[16:48:52] Still here
[16:49:12] Still here
[16:49:32] Still here
[16:49:52] Still here
[16:50:12] Still here
[16:50:32] Still here
[16:50:52] Still here
[16:51:12] Still here
[16:51:32] Still here
[16:51:52] Still here
[16:52:12] Still here
[16:52:32] Still here
[16:52:52] Still here
[16:53:12] Still here
[16:53:32] Still here
[16:53:52] Still here
[16:54:12] Still here
[16:54:32] Still here
[16:54:52] Still here
[16:55:12] Still here
[16:55:32] Still here
[16:55:52] Still here
[16:56:12] Still here
[16:56:32] Still here
[16:56:52] Still here
[16:57:12] Still here
[16:57:32] Still here
[16:57:52] Still here
[16:58:12] Still here
[16:58:32] Still here
[16:58:52] Still here
[16:59:12] Still here
[16:59:32] Still here
[16:59:52] Still here
[17:00:12] Still here
[17:00:32] Still here
[17:00:52] Still here
[17:01:12] Still here
[17:01:32] Still here
[17:01:52] Still here
[17:02:12] Still here
[17:02:32] Still here
[17:02:52] Still here
[17:03:12] Still here
[17:03:32] Still here
[17:03:52] Still here
[17:04:12] Still here
[17:04:32] Still here
[17:04:52] Still here
[17:05:12] Still here
[17:05:32] Still here
[17:05:52] Still here
[17:06:12] Still here
[17:06:32] Still here
[17:06:52] Still here
[17:07:12] Still here
[17:07:32] Still here
[17:07:52] Still here
[17:08:12] Still here
[17:08:32] Still here
[17:08:52] Still here
[17:09:12] Still here
[17:09:32] Still here
[17:09:52] Still here
[17:10:12] Still here
[17:10:32] Still here
[17:10:52] Still here
[17:11:12] Still here
[17:11:32] Still here
[17:11:52] Still here
[17:12:12] Still here
[17:12:32] Still here
[17:12:52] Still here
[17:13:12] Still here
[17:13:32] Still here
[17:13:52] Still here
[17:14:12] Still here
[17:14:32] Still here
[17:14:52] Still here
[17:15:12] Still here
[17:15:32] Still here
[17:15:52] Still here
[17:16:12] Still here
[17:16:32] Still here
[17:16:52] Still here
[17:17:12] Still here
[17:17:32] Still here
[17:17:52] Still here
[17:18:12] Still here
[17:18:32] Still here
[17:18:52] Still here
[17:19:12] Still here
[17:19:32] Still here
[17:19:52] Still here
[17:20:12] Still here
[17:20:32] Still here
[17:20:52] Still here
[17:21:12] Still here
[17:21:32] Still here
[17:21:52] Still here
[17:22:12] Still here
[17:22:32] Still here
[17:22:52] Still here
[17:23:12] Still here
[17:23:32] Still here
[17:23:52] Still here
[17:24:12] Still here
[17:24:32] Still here
[17:24:52] Still here
[17:25:12] Still here
[17:25:32] Still here
[17:25:52] Still here
[17:26:12] Still here
[17:26:32] Still here
[17:26:52] Still here
[17:27:12] Still here
[17:27:32] Still here
[17:27:52] Still here
[17:28:12] Still here
[17:28:32] Still here
[17:28:52] Still here
[17:29:12] Still here
[17:29:32] Still here
[17:29:52] Still here
[17:30:12] Still here
[17:30:32] Still here
[17:30:52] Still here
[17:31:12] Still here
[17:31:32] Still here
[17:31:52] Still here
[17:32:12] Still here
[17:32:32] Still here
[17:32:52] Still here
[17:33:12] Still here
[17:33:32] Still here
[17:33:52] Still here
[17:34:12] Still here
[17:34:32] Still here
[17:34:52] Still here
[17:35:12] Still here
[17:35:32] Still here
[17:35:52] Still here
[17:36:12] Still here
[17:36:32] Still here
[17:36:52] Still here
[17:37:12] Still here
[17:37:32] Still here
[17:37:52] Still here
[17:38:12] Still here
[17:38:32] Still here
[17:38:52] Still here
[18:23:11] Still here
[18:23:11] Still here
[18:23:11] Still here
[18:23:11] Still here
[18:23:11] Still here
[18:23:11] Still here
[18:23:11] Still here
[18:23:11] Still here
[18:23:11] Still here
[18:23:11] Still here
[18:23:11] Still here
[18:23:11] Still here
[18:23:11] Still here
[18:23:11] Still here
[18:23:11] Still here
[18:23:11] Still here
[18:23:11] Still here
[18:23:11] Still here
[18:23:11] Still here
[18:23:11] Still here
[18:23:11] Still here
[18:23:11] Still here
[18:23:11] Still here
[18:23:11] Still here
[18:23:11] Still here
[18:23:11] Still here
[18:23:11] Still here
[18:23:11] Still here
[18:23:11] Still here
[18:23:11] Still here
[18:23:11] Still here
[18:23:11] Still here
[18:23:11] Still here
[18:23:11] Still here
[18:23:11] Still here
[18:23:11] Still here
[18:23:11] Still here
[18:23:11] Still here
[18:23:11] Still here
[18:23:11] Still here
[18:23:11] Still here
[18:23:11] Still here
[18:23:11] Still here
[18:23:11] Still here
[18:23:11] Still here
[18:23:11] Still here
[18:23:11] Still here
[18:23:11] Still here
[18:23:11] Still here
[18:23:11] Still here
[18:23:11] Still here
[18:23:11] Still here
[18:23:11] Still here
[18:23:11] Still here
[18:23:11] Still here
[18:23:11] Still here
[18:23:11] Still here
[18:23:11] Still here
[18:23:11] Still here
[18:23:11] Still here
[18:23:11] Still here
[18:23:11] Still here
[18:23:11] Still here
[18:23:11] Still here
[18:23:11] Still here
[18:23:11] Still here
[18:23:11] Still here
[18:23:11] Still here
[18:23:11] Still here
[18:23:11] Still here
[18:23:11] Still here
[18:23:11] Still here
[18:23:11] Still here
[18:23:11] Still here
[18:23:11] Still here
[18:23:11] Still here
[18:23:11] Still here
[18:23:11] Still here
[18:23:11] Still here
[18:23:11] Still here
[18:23:11] Still here
[18:23:11] Still here
[18:23:11] Still here
[18:23:11] Still here
[18:23:11] Still here
[18:23:11] Still here
[18:23:11] Still here
[18:23:11] Still here
[18:23:11] Still here
[18:23:11] Still here
[18:23:11] Still here
[18:23:11] Still here
[18:23:11] Still here
[18:23:11] Still here
[18:23:11] Still here
[18:23:11] Still here
[18:23:11] Still here
[18:23:11] Still here
[18:23:11] Still here
[18:23:11] Still here
[18:23:11] Still here
[18:23:11] Still here
[18:23:11] Still here
[18:23:11] Still here
[18:23:11] Still here
[18:23:11] Still here
[18:23:11] Still here
[18:23:11] Still here
[18:23:11] Still here
[18:23:11] Still here
[18:23:11] Still here
[18:23:11] Still here
[18:23:11] Still here
[18:23:11] Still here
[18:23:11] Still here
[18:23:11] Still here
[18:23:11] Still here
[18:23:11] Still here
[18:23:11] Still here
[18:23:11] Still here
[18:23:11] Still here
[18:23:11] Still here
[18:23:11] Still here
[18:23:11] Still here
[18:23:11] Still here
[18:23:11] Still here
[18:23:11] Still here
[18:23:11] Still here
[18:23:11] Still here
[18:23:11] Still here
[18:23:11] Still here
[18:23:11] Still here
[18:23:12] Still here
[18:23:32] Still here
[18:23:52] Still here
[19:17:30] Still here
[19:17:30] Still here
[19:17:30] Still here
[19:17:30] Still here
[19:17:30] Still here
[19:17:30] Still here
[19:17:30] Still here
[19:17:30] Still here
[19:17:30] Still here
[19:17:30] Still here
[19:17:30] Still here
[19:17:30] Still here
[19:17:30] Still here
[19:17:30] Still here
[19:17:30] Still here
[19:17:30] Still here
[19:17:30] Still here
[19:17:30] Still here
[19:17:30] Still here
[19:17:30] Still here
[19:17:30] Still here
[19:17:30] Still here
[19:17:30] Still here
[19:17:30] Still here
[19:17:30] Still here
[19:17:30] Still here
[19:17:30] Still here
[19:17:30] Still here
[19:17:30] Still here
[19:17:30] Still here
[19:17:30] Still here
[19:17:30] Still here
[19:17:30] Still here
[19:17:30] Still here
[19:17:30] Still here
[19:17:30] Still here
[19:17:30] Still here
[19:17:30] Still here
[19:17:30] Still here
[19:17:30] Still here
[19:17:30] Still here
[19:17:30] Still here
[19:17:30] Still here
[19:17:30] Still here
[19:17:30] Still here
[19:17:30] Still here
[19:17:30] Still here
[19:17:30] Still here
[19:17:30] Still here
[19:17:30] Still here
[19:17:30] Still here
[19:17:30] Still here
[19:17:30] Still here
[19:17:30] Still here
[19:17:30] Still here
[19:17:30] Still here
[19:17:30] Still here
[19:17:30] Still here
[19:17:30] Still here
[19:17:30] Still here
[19:17:30] Still here
[19:17:30] Still here
[19:17:30] Still here
[19:17:30] Still here
[19:17:30] Still here
[19:17:30] Still here
[19:17:30] Still here
[19:17:30] Still here
[19:17:30] Still here
[19:17:30] Still here
[19:17:30] Still here
[19:17:30] Still here
[19:17:30] Still here
[19:17:30] Still here
[19:17:30] Still here
[19:17:30] Still here
[19:17:30] Still here
[19:17:30] Still here
[19:17:30] Still here
[19:17:30] Still here
[19:17:30] Still here
[19:17:30] Still here
[19:17:30] Still here
[19:17:30] Still here
[19:17:30] Still here
[19:17:30] Still here
[19:17:30] Still here
[19:17:30] Still here
[19:17:30] Still here
[19:17:30] Still here
[19:17:30] Still here
[19:17:30] Still here
[19:17:30] Still here
[19:17:30] Still here
[19:17:30] Still here
[19:17:30] Still here
[19:17:30] Still here
[19:17:30] Still here
[19:17:30] Still here
[19:17:30] Still here
[19:17:30] Still here
[19:17:30] Still here
[19:17:30] Still here
[19:17:30] Still here
[19:17:30] Still here
[19:17:30] Still here
[19:17:30] Still here
[19:17:30] Still here
[19:17:30] Still here
[19:17:30] Still here
[19:17:30] Still here
[19:17:30] Still here
[19:17:30] Still here
[19:17:30] Still here
[19:17:30] Still here
[19:17:30] Still here
[19:17:30] Still here
[19:17:30] Still here
[19:17:30] Still here
[19:17:30] Still here
[19:17:30] Still here
[19:17:30] Still here
[19:17:30] Still here
[19:17:30] Still here
[19:17:30] Still here
[19:17:30] Still here
[19:17:30] Still here
[19:17:30] Still here
[19:17:30] Still here
[19:17:30] Still here
[19:17:30] Still here
[19:17:30] Still here
[19:17:30] Still here
[19:17:30] Still here
[19:17:30] Still here
[19:17:30] Still here
[19:17:30] Still here
[19:17:30] Still here
[19:17:30] Still here
[19:17:30] Still here
[19:17:30] Still here
[19:17:30] Still here
[19:17:30] Still here
[19:17:30] Still here
[19:17:30] Still here
[19:17:30] Still here
[19:17:30] Still here
[19:17:30] Still here
[19:17:30] Still here
[19:17:30] Still here
[19:17:30] Still here
[19:17:30] Still here
[19:17:30] Still here
[19:17:30] Still here
[19:17:30] Still here
[19:17:30] Still here
[19:17:30] Still here
[19:17:30] Still here
[19:17:30] Still here
[19:17:30] Still here
[19:17:32] Still here
[19:17:52] Still here
[19:22:41] Still here
[19:22:41] Still here
[19:22:41] Still here
[19:22:41] Still here
[19:22:41] Still here
[19:22:41] Still here
[19:22:41] Still here
[19:22:41] Still here
[19:22:41] Still here
[19:22:41] Still here
[19:22:41] Still here
[19:22:41] Still here
[19:22:41] Still here
[19:22:41] Still here
[19:22:52] Still here
[19:23:12] Still here
[19:40:17] Still here
[19:40:17] Still here
[19:40:17] Still here
[19:40:17] Still here
[19:40:17] Still here
[19:40:17] Still here
[19:40:17] Still here
[19:40:17] Still here
[19:40:17] Still here
[19:40:17] Still here
[19:40:17] Still here
[19:40:17] Still here
[19:40:17] Still here
[19:40:17] Still here
[19:40:17] Still here
[19:40:17] Still here
[19:40:17] Still here
[19:40:17] Still here
[19:40:17] Still here
[19:40:17] Still here
[19:40:17] Still here
[19:40:17] Still here
[19:40:17] Still here
[19:40:17] Still here
[19:40:17] Still here
[19:40:17] Still here
[19:40:17] Still here
[19:40:17] Still here
[19:40:17] Still here
[19:40:17] Still here
[19:40:17] Still here
[19:40:17] Still here
[19:40:17] Still here
[19:40:17] Still here
[19:40:17] Still here
[19:40:17] Still here
[19:40:17] Still here
[19:40:17] Still here
[19:40:17] Still here
[19:40:17] Still here
[19:40:17] Still here
[19:40:17] Still here
[19:40:17] Still here
[19:40:17] Still here
[19:40:17] Still here
[19:40:17] Still here
[19:40:17] Still here
[19:40:17] Still here
[19:40:17] Still here
[19:40:17] Still here
[19:40:17] Still here
[19:40:32] Still here
[20:13:38] Still here
[20:13:38] Still here
[20:13:38] Still here
[20:13:38] Still here
[20:13:38] Still here
[20:13:38] Still here
[20:13:38] Still here
[20:13:38] Still here
[20:13:38] Still here
[20:13:38] Still here
[20:13:38] Still here
[20:13:38] Still here
[20:13:38] Still here
[20:13:38] Still here
[20:13:38] Still here
[20:13:38] Still here
[20:13:38] Still here
[20:13:38] Still here
[20:13:38] Still here
[20:13:38] Still here
[20:13:38] Still here
[20:13:38] Still here
[20:13:38] Still here
[20:13:38] Still here
[20:13:38] Still here
[20:13:38] Still here
[20:13:38] Still here
[20:13:38] Still here
[20:13:38] Still here
[20:13:38] Still here
[20:13:38] Still here
[20:13:38] Still here
[20:13:38] Still here
[20:13:38] Still here
[20:13:38] Still here
[20:13:38] Still here
[20:13:38] Still here
[20:13:38] Still here
[20:13:38] Still here
[20:13:38] Still here
[20:13:38] Still here
[20:13:38] Still here
[20:13:38] Still here
[20:13:38] Still here
[20:13:38] Still here
[20:13:38] Still here
[20:13:38] Still here
[20:13:38] Still here
[20:13:38] Still here
[20:13:38] Still here
[20:13:38] Still here
[20:13:38] Still here
[20:13:38] Still here
[20:13:38] Still here
[20:13:38] Still here
[20:13:38] Still here
[20:13:38] Still here
[20:13:38] Still here
[20:13:38] Still here
[20:13:38] Still here
[20:13:38] Still here
[20:13:38] Still here
[20:13:38] Still here
[20:13:38] Still here
[20:13:38] Still here
[20:13:38] Still here
[20:13:38] Still here
[20:13:38] Still here
[20:13:38] Still here
[20:13:38] Still here
[20:13:38] Still here
[20:13:38] Still here
[20:13:38] Still here
[20:13:38] Still here
[20:13:38] Still here
[20:13:38] Still here
[20:13:38] Still here
[20:13:38] Still here
[20:13:38] Still here
[20:13:38] Still here
[20:13:38] Still here
[20:13:38] Still here
[20:13:38] Still here
[20:13:38] Still here
[20:13:38] Still here
[20:13:38] Still here
[20:13:38] Still here
[20:13:38] Still here
[20:13:38] Still here
[20:13:38] Still here
[20:13:38] Still here
[20:13:38] Still here
[20:13:38] Still here
[20:13:38] Still here
[20:13:38] Still here
[20:13:38] Still here
[20:13:38] Still here
[20:13:38] Still here
[20:13:38] Still here
[20:13:52] Still here
[20:14:12] Still here
[20:19:10] Still here
[20:19:10] Still here
[20:19:10] Still here
[20:19:10] Still here
[20:19:10] Still here
[20:19:10] Still here
[20:19:10] Still here
[20:19:10] Still here
[20:19:10] Still here
[20:19:10] Still here
[20:19:10] Still here
[20:19:10] Still here
[20:19:10] Still here
[20:19:10] Still here
[20:19:12] Still here
[20:19:32] Still here
[20:19:52] Still here
