[11:29:08] ========================================
Peer 6 started just right now
===================================================
[11:29:08] You have entered the torrent
[11:29:08] I am informing the tracker that I am still alive.
[11:29:28] I am informing the tracker that I am still alive.
[11:29:48] I am informing the tracker that I am still alive.
[11:30:08] I am informing the tracker that I am still alive.
[11:30:28] I am informing the tracker that I am still alive.
[11:30:48] I am informing the tracker that I am still alive.
[11:31:08] I am informing the tracker that I am still alive.
[11:31:28] I am informing the tracker that I am still alive.
[11:31:48] I am informing the tracker that I am still alive.
[11:32:08] I am informing the tracker that I am still alive.
[11:32:23] You are now DOWNLOADING the file CHAP5.pdf
[11:32:23] You are going to download the file CHAP5.pdf from [5]
[11:32:23] The size of the file CHAP5.pdf is 6389067 bytes
[11:32:23] I sent request for a chunk of file CHAP5.pdf to peer 5
[11:32:23] All chunks of file CHAP5.pdf have been downloaded, but they must be REASSEMBLED
[11:32:23] All chunks of file CHAP5.pdf have been SORTED, they are almost ready to be REASSEMBLED
[11:32:23] The file CHAP5.pdf has been downloaded and saved
[11:32:28] I am informing the tracker that I am still alive.
[11:32:48] I am informing the tracker that I am still alive.
[11:33:08] I am informing the tracker that I am still alive.
[11:33:28] I am informing the tracker that I am still alive.
[11:33:48] I am informing the tracker that I am still alive.
[11:34:08] I am informing the tracker that I am still alive.
[11:34:28] I am informing the tracker that I am still alive.
[11:34:48] I am informing the tracker that I am still alive.
[11:35:08] I am informing the tracker that I am still alive.
[11:35:28] I am informing the tracker that I am still alive.
[11:35:48] I am informing the tracker that I am still alive.
[11:36:08] I am informing the tracker that I am still alive.
[11:36:28] I am informing the tracker that I am still alive.
[11:36:48] I am informing the tracker that I am still alive.
[11:37:08] I am informing the tracker that I am still alive.
[11:37:28] I am informing the tracker that I am still alive.
[11:37:48] I am informing the tracker that I am still alive.
[11:38:08] I am informing the tracker that I am still alive.
[11:38:28] I am informing the tracker that I am still alive.
[11:38:48] I am informing the tracker that I am still alive.
[11:39:08] I am informing the tracker that I am still alive.
[11:39:28] I am informing the tracker that I am still alive.
[11:39:48] I am informing the tracker that I am still alive.
[11:40:08] I am informing the tracker that I am still alive.
[11:46:02] ========================================
Peer 6 started just right now
===================================================
[11:46:02] You have entered the torrent
[11:46:02] I am informing the tracker that I am still alive.
[14:28:28] ========================================
Peer 6 started just right now
===================================================
[14:28:28] You have entered the torrent
[14:28:28] Still here
[14:28:48] Still here
[14:28:58] You are now DOWNLOADING the file cn.pdf
[14:29:08] Still here
[14:29:28] Still here
[14:29:48] Still here
[14:30:08] Still here
[14:30:28] Still here
[14:30:48] Still here
