[13:46:00] ========================================
Peer 12 started just right now
===================================================
[13:46:00] You have entered the torrent
[13:46:00] I am informing the tracker that I am still alive.
[13:46:20] I am informing the tracker that I am still alive.
[13:46:40] I am informing the tracker that I am still alive.
[13:47:00] I am informing the tracker that I am still alive.
[13:47:15] You are now DOWNLOADING the file ASS1.pdf
[13:47:20] I am informing the tracker that I am still alive.
[13:47:40] I am informing the tracker that I am still alive.
[13:48:00] I am informing the tracker that I am still alive.
[13:48:20] I am informing the tracker that I am still alive.
[13:48:31] You are now DOWNLOADING the file ASS1.pdf
[16:35:26] You have entered the torrent
[16:35:26] Still here
[16:35:43] Still here
[16:35:58] You are now DOWNLOADING the file c5.pdf
[16:35:58] You are going to download the file c5.pdf from [2]
[16:35:58] The size of the file c5.pdf is 6389067 bytes
[16:35:58] I sent request for a chunk of file c5.pdf to peer 2
[16:35:58] All chunks of file c5.pdf have been downloaded, but they must be REASSEMBLED
[16:35:58] All chunks of file c5.pdf have been SORTED, they are almost ready to be REASSEMBLED
[16:35:58] The file c5.pdf has been downloaded and saved
[16:36:03] Still here
[16:36:23] Still here
[16:36:43] Still here
[16:37:03] Still here
[16:37:23] Still here
[16:37:43] Still here
[16:38:03] Still here
[16:38:23] Still here
[16:38:43] Still here
[16:39:03] Still here
