[14:38:01] You have entered the torrent
[14:38:01] Still here
[14:38:19] Still here
[14:38:39] Still here
[14:38:42] You have asked the tracker to SCRAPE the file cn.pdf
[14:38:42] Scrape results for file cn.pdf: Number of seeders: 2, Number of leechers: 0
[14:38:57] You are now DOWNLOADING the file cn.pdf
[14:38:57] You are going to download the file cn.pdf from [2, 1]
[14:38:57] The size of the file cn.pdf is 6389067 bytes
[14:38:57] I sent request for a chunk of file cn.pdf to peer 1
[14:38:57] I sent request for a chunk of file cn.pdf to peer 2
[14:38:57] All chunks of file cn.pdf have been downloaded, but they must be REASSEMBLED
[14:38:57] All chunks of file cn.pdf have been SORTED, they are almost ready to be REASSEMBLED
[14:38:57] The file cn.pdf has been downloaded and saved
[14:38:59] Still here
[14:39:19] Still here
[14:39:39] Still here
[17:08:45] You have entered the torrent
[17:08:45] Still here
[17:08:49] Still here
[17:09:09] Still here
[17:09:29] Still here
[17:09:49] Still here
[17:10:00] You have asked the tracker to SCRAPE the file cn.pdf
[17:10:00] Scrape results for file cn.pdf: Number of seeders: 2, Number of leechers: 0
[17:10:08] You have asked the tracker to SCRAPE the file h.txt
[17:10:08] Scrape results for file cn.pdf: Number of seeders: 2, Number of leechers: 0
[17:10:09] Still here
[17:10:29] Still here
[17:10:40] You are now DOWNLOADING the file h.txt
[17:10:40] You are going to download the file h.txt from [1, 2]
[17:10:40] The size of the file h.txt is 71 bytes
[17:10:40] I sent request for a chunk of file h.txt to peer 2
[17:10:40] I sent request for a chunk of file h.txt to peer 1
[17:10:40] All chunks of file h.txt have been downloaded, but they must be REASSEMBLED
[17:10:40] All chunks of file h.txt have been SORTED, they are almost ready to be REASSEMBLED
[17:10:40] The file h.txt has been downloaded and saved
[17:10:49] Still here
[17:10:50] You are now DOWNLOADING the file cn.pdf
[17:10:50] You are going to download the file cn.pdf from [1, 2]
[17:10:50] The size of the file cn.pdf is 6389067 bytes
[17:10:50] I sent request for a chunk of file cn.pdf to peer 1
[17:10:50] I sent request for a chunk of file cn.pdf to peer 2
[17:10:50] All chunks of file cn.pdf have been downloaded, but they must be REASSEMBLED
[17:10:50] All chunks of file cn.pdf have been SORTED, they are almost ready to be REASSEMBLED
[17:10:50] The file cn.pdf has been downloaded and saved
[15:31:44] You have entered the torrent
[15:31:44] Still here
[15:31:48] You are now in SEND mode
[15:32:00] Still here
[15:32:02] The chunk 0/520 of file cn.pdf is being sent to peer 101
[15:32:02] The chunk 1/520 of file cn.pdf is being sent to peer 101
[15:32:02] The chunk 2/520 of file cn.pdf is being sent to peer 101
[15:32:02] The chunk 3/520 of file cn.pdf is being sent to peer 101
[15:32:02] The chunk 4/520 of file cn.pdf is being sent to peer 101
[15:32:02] The chunk 5/520 of file cn.pdf is being sent to peer 101
[15:32:02] The chunk 6/520 of file cn.pdf is being sent to peer 101
[15:32:02] The chunk 7/520 of file cn.pdf is being sent to peer 101
[15:32:02] The chunk 8/520 of file cn.pdf is being sent to peer 101
[15:32:02] The chunk 9/520 of file cn.pdf is being sent to peer 101
[15:32:02] The chunk 10/520 of file cn.pdf is being sent to peer 101
[15:32:02] The chunk 11/520 of file cn.pdf is being sent to peer 101
[15:32:02] The chunk 12/520 of file cn.pdf is being sent to peer 101
[15:32:02] The chunk 13/520 of file cn.pdf is being sent to peer 101
[15:32:02] The chunk 14/520 of file cn.pdf is being sent to peer 101
[15:32:02] The chunk 15/520 of file cn.pdf is being sent to peer 101
[15:32:02] The chunk 16/520 of file cn.pdf is being sent to peer 101
[15:32:02] The chunk 17/520 of file cn.pdf is being sent to peer 101
[15:32:02] The chunk 18/520 of file cn.pdf is being sent to peer 101
[15:32:02] The chunk 19/520 of file cn.pdf is being sent to peer 101
[15:32:02] The chunk 20/520 of file cn.pdf is being sent to peer 101
[15:32:02] The chunk 21/520 of file cn.pdf is being sent to peer 101
[15:32:02] The chunk 22/520 of file cn.pdf is being sent to peer 101
[15:32:02] The chunk 23/520 of file cn.pdf is being sent to peer 101
[15:32:02] The chunk 24/520 of file cn.pdf is being sent to peer 101
[15:32:02] The chunk 25/520 of file cn.pdf is being sent to peer 101
[15:32:02] The chunk 26/520 of file cn.pdf is being sent to peer 101
[15:32:02] The chunk 27/520 of file cn.pdf is being sent to peer 101
[15:32:02] The chunk 28/520 of file cn.pdf is being sent to peer 101
[15:32:02] The chunk 29/520 of file cn.pdf is being sent to peer 101
[15:32:02] The chunk 30/520 of file cn.pdf is being sent to peer 101
[15:32:02] The chunk 31/520 of file cn.pdf is being sent to peer 101
[15:32:02] The chunk 32/520 of file cn.pdf is being sent to peer 101
[15:32:02] The chunk 33/520 of file cn.pdf is being sent to peer 101
[15:32:02] The chunk 34/520 of file cn.pdf is being sent to peer 101
[15:32:02] The chunk 35/520 of file cn.pdf is being sent to peer 101
[15:32:02] The chunk 36/520 of file cn.pdf is being sent to peer 101
[15:32:02] The chunk 37/520 of file cn.pdf is being sent to peer 101
[15:32:02] The chunk 38/520 of file cn.pdf is being sent to peer 101
[15:32:02] The chunk 39/520 of file cn.pdf is being sent to peer 101
[15:32:02] The chunk 40/520 of file cn.pdf is being sent to peer 101
[15:32:02] The chunk 41/520 of file cn.pdf is being sent to peer 101
[15:32:02] The chunk 42/520 of file cn.pdf is being sent to peer 101
[15:32:02] The chunk 43/520 of file cn.pdf is being sent to peer 101
[15:32:02] The chunk 44/520 of file cn.pdf is being sent to peer 101
[15:32:02] The chunk 45/520 of file cn.pdf is being sent to peer 101
[15:32:02] The chunk 46/520 of file cn.pdf is being sent to peer 101
[15:32:02] The chunk 47/520 of file cn.pdf is being sent to peer 101
[15:32:02] The chunk 48/520 of file cn.pdf is being sent to peer 101
[15:32:02] The chunk 49/520 of file cn.pdf is being sent to peer 101
[15:32:02] The chunk 50/520 of file cn.pdf is being sent to peer 101
[15:32:02] The chunk 51/520 of file cn.pdf is being sent to peer 101
[15:32:02] The chunk 52/520 of file cn.pdf is being sent to peer 101
[15:32:02] The chunk 53/520 of file cn.pdf is being sent to peer 101
[15:32:02] The chunk 54/520 of file cn.pdf is being sent to peer 101
[15:32:02] The chunk 55/520 of file cn.pdf is being sent to peer 101
[15:32:02] The chunk 56/520 of file cn.pdf is being sent to peer 101
[15:32:02] The chunk 57/520 of file cn.pdf is being sent to peer 101
[15:32:02] The chunk 58/520 of file cn.pdf is being sent to peer 101
[15:32:02] The chunk 59/520 of file cn.pdf is being sent to peer 101
[15:32:02] The chunk 60/520 of file cn.pdf is being sent to peer 101
[15:32:02] The chunk 61/520 of file cn.pdf is being sent to peer 101
[15:32:02] The chunk 62/520 of file cn.pdf is being sent to peer 101
[15:32:02] The chunk 63/520 of file cn.pdf is being sent to peer 101
[15:32:02] The chunk 64/520 of file cn.pdf is being sent to peer 101
[15:32:02] The chunk 65/520 of file cn.pdf is being sent to peer 101
[15:32:02] The chunk 66/520 of file cn.pdf is being sent to peer 101
[15:32:02] The chunk 67/520 of file cn.pdf is being sent to peer 101
[15:32:02] The chunk 68/520 of file cn.pdf is being sent to peer 101
[15:32:02] The chunk 69/520 of file cn.pdf is being sent to peer 101
[15:32:02] The chunk 70/520 of file cn.pdf is being sent to peer 101
[15:32:02] The chunk 71/520 of file cn.pdf is being sent to peer 101
[15:32:02] The chunk 72/520 of file cn.pdf is being sent to peer 101
[15:32:02] The chunk 73/520 of file cn.pdf is being sent to peer 101
[15:32:02] The chunk 74/520 of file cn.pdf is being sent to peer 101
[15:32:02] The chunk 75/520 of file cn.pdf is being sent to peer 101
[15:32:02] The chunk 76/520 of file cn.pdf is being sent to peer 101
[15:32:02] The chunk 77/520 of file cn.pdf is being sent to peer 101
[15:32:02] The chunk 78/520 of file cn.pdf is being sent to peer 101
[15:32:02] The chunk 79/520 of file cn.pdf is being sent to peer 101
[15:32:02] The chunk 80/520 of file cn.pdf is being sent to peer 101
[15:32:02] The chunk 81/520 of file cn.pdf is being sent to peer 101
[15:32:02] The chunk 82/520 of file cn.pdf is being sent to peer 101
[15:32:02] The chunk 83/520 of file cn.pdf is being sent to peer 101
[15:32:02] The chunk 84/520 of file cn.pdf is being sent to peer 101
[15:32:02] The chunk 85/520 of file cn.pdf is being sent to peer 101
[15:32:02] The chunk 86/520 of file cn.pdf is being sent to peer 101
[15:32:02] The chunk 87/520 of file cn.pdf is being sent to peer 101
[15:32:02] The chunk 88/520 of file cn.pdf is being sent to peer 101
[15:32:02] The chunk 89/520 of file cn.pdf is being sent to peer 101
[15:32:02] The chunk 90/520 of file cn.pdf is being sent to peer 101
[15:32:02] The chunk 91/520 of file cn.pdf is being sent to peer 101
[15:32:02] The chunk 92/520 of file cn.pdf is being sent to peer 101
[15:32:02] The chunk 93/520 of file cn.pdf is being sent to peer 101
[15:32:02] The chunk 94/520 of file cn.pdf is being sent to peer 101
[15:32:02] The chunk 95/520 of file cn.pdf is being sent to peer 101
[15:32:02] The chunk 96/520 of file cn.pdf is being sent to peer 101
[15:32:02] The chunk 97/520 of file cn.pdf is being sent to peer 101
[15:32:02] The chunk 98/520 of file cn.pdf is being sent to peer 101
[15:32:02] The chunk 99/520 of file cn.pdf is being sent to peer 101
[15:32:02] The chunk 100/520 of file cn.pdf is being sent to peer 101
[15:32:02] The chunk 101/520 of file cn.pdf is being sent to peer 101
[15:32:02] The chunk 102/520 of file cn.pdf is being sent to peer 101
[15:32:02] The chunk 103/520 of file cn.pdf is being sent to peer 101
[15:32:02] The chunk 104/520 of file cn.pdf is being sent to peer 101
[15:32:02] The chunk 105/520 of file cn.pdf is being sent to peer 101
[15:32:02] The chunk 106/520 of file cn.pdf is being sent to peer 101
[15:32:02] The chunk 107/520 of file cn.pdf is being sent to peer 101
[15:32:02] The chunk 108/520 of file cn.pdf is being sent to peer 101
[15:32:02] The chunk 109/520 of file cn.pdf is being sent to peer 101
[15:32:02] The chunk 110/520 of file cn.pdf is being sent to peer 101
[15:32:02] The chunk 111/520 of file cn.pdf is being sent to peer 101
[15:32:02] The chunk 112/520 of file cn.pdf is being sent to peer 101
[15:32:02] The chunk 113/520 of file cn.pdf is being sent to peer 101
[15:32:02] The chunk 114/520 of file cn.pdf is being sent to peer 101
[15:32:02] The chunk 115/520 of file cn.pdf is being sent to peer 101
[15:32:02] The chunk 116/520 of file cn.pdf is being sent to peer 101
[15:32:02] The chunk 117/520 of file cn.pdf is being sent to peer 101
[15:32:02] The chunk 118/520 of file cn.pdf is being sent to peer 101
[15:32:02] The chunk 119/520 of file cn.pdf is being sent to peer 101
[15:32:02] The chunk 120/520 of file cn.pdf is being sent to peer 101
[15:32:02] The chunk 121/520 of file cn.pdf is being sent to peer 101
[15:32:02] The chunk 122/520 of file cn.pdf is being sent to peer 101
[15:32:02] The chunk 123/520 of file cn.pdf is being sent to peer 101
[15:32:02] The chunk 124/520 of file cn.pdf is being sent to peer 101
[15:32:02] The chunk 125/520 of file cn.pdf is being sent to peer 101
[15:32:02] The chunk 126/520 of file cn.pdf is being sent to peer 101
[15:32:02] The chunk 127/520 of file cn.pdf is being sent to peer 101
[15:32:02] The chunk 128/520 of file cn.pdf is being sent to peer 101
[15:32:02] The chunk 129/520 of file cn.pdf is being sent to peer 101
[15:32:02] The chunk 130/520 of file cn.pdf is being sent to peer 101
[15:32:02] The chunk 131/520 of file cn.pdf is being sent to peer 101
[15:32:02] The chunk 132/520 of file cn.pdf is being sent to peer 101
[15:32:02] The chunk 133/520 of file cn.pdf is being sent to peer 101
[15:32:02] The chunk 134/520 of file cn.pdf is being sent to peer 101
[15:32:02] The chunk 135/520 of file cn.pdf is being sent to peer 101
[15:32:02] The chunk 136/520 of file cn.pdf is being sent to peer 101
[15:32:02] The chunk 137/520 of file cn.pdf is being sent to peer 101
[15:32:02] The chunk 138/520 of file cn.pdf is being sent to peer 101
[15:32:02] The chunk 139/520 of file cn.pdf is being sent to peer 101
[15:32:02] The chunk 140/520 of file cn.pdf is being sent to peer 101
[15:32:02] The chunk 141/520 of file cn.pdf is being sent to peer 101
[15:32:02] The chunk 142/520 of file cn.pdf is being sent to peer 101
[15:32:02] The chunk 143/520 of file cn.pdf is being sent to peer 101
[15:32:02] The chunk 144/520 of file cn.pdf is being sent to peer 101
[15:32:02] The chunk 145/520 of file cn.pdf is being sent to peer 101
[15:32:02] The chunk 146/520 of file cn.pdf is being sent to peer 101
[15:32:02] The chunk 147/520 of file cn.pdf is being sent to peer 101
[15:32:02] The chunk 148/520 of file cn.pdf is being sent to peer 101
[15:32:02] The chunk 149/520 of file cn.pdf is being sent to peer 101
[15:32:02] The chunk 150/520 of file cn.pdf is being sent to peer 101
[15:32:02] The chunk 151/520 of file cn.pdf is being sent to peer 101
[15:32:02] The chunk 152/520 of file cn.pdf is being sent to peer 101
[15:32:02] The chunk 153/520 of file cn.pdf is being sent to peer 101
[15:32:02] The chunk 154/520 of file cn.pdf is being sent to peer 101
[15:32:02] The chunk 155/520 of file cn.pdf is being sent to peer 101
[15:32:02] The chunk 156/520 of file cn.pdf is being sent to peer 101
[15:32:02] The chunk 157/520 of file cn.pdf is being sent to peer 101
[15:32:02] The chunk 158/520 of file cn.pdf is being sent to peer 101
[15:32:02] The chunk 159/520 of file cn.pdf is being sent to peer 101
[15:32:02] The chunk 160/520 of file cn.pdf is being sent to peer 101
[15:32:02] The chunk 161/520 of file cn.pdf is being sent to peer 101
[15:32:02] The chunk 162/520 of file cn.pdf is being sent to peer 101
[15:32:02] The chunk 163/520 of file cn.pdf is being sent to peer 101
[15:32:02] The chunk 164/520 of file cn.pdf is being sent to peer 101
[15:32:02] The chunk 165/520 of file cn.pdf is being sent to peer 101
[15:32:02] The chunk 166/520 of file cn.pdf is being sent to peer 101
[15:32:02] The chunk 167/520 of file cn.pdf is being sent to peer 101
[15:32:02] The chunk 168/520 of file cn.pdf is being sent to peer 101
[15:32:02] The chunk 169/520 of file cn.pdf is being sent to peer 101
[15:32:02] The chunk 170/520 of file cn.pdf is being sent to peer 101
[15:32:02] The chunk 171/520 of file cn.pdf is being sent to peer 101
[15:32:02] The chunk 172/520 of file cn.pdf is being sent to peer 101
[15:32:02] The chunk 173/520 of file cn.pdf is being sent to peer 101
[15:32:02] The chunk 174/520 of file cn.pdf is being sent to peer 101
[15:32:02] The chunk 175/520 of file cn.pdf is being sent to peer 101
[15:32:02] The chunk 176/520 of file cn.pdf is being sent to peer 101
[15:32:02] The chunk 177/520 of file cn.pdf is being sent to peer 101
[15:32:02] The chunk 178/520 of file cn.pdf is being sent to peer 101
[15:32:02] The chunk 179/520 of file cn.pdf is being sent to peer 101
[15:32:02] The chunk 180/520 of file cn.pdf is being sent to peer 101
[15:32:02] The chunk 181/520 of file cn.pdf is being sent to peer 101
[15:32:02] The chunk 182/520 of file cn.pdf is being sent to peer 101
[15:32:02] The chunk 183/520 of file cn.pdf is being sent to peer 101
[15:32:02] The chunk 184/520 of file cn.pdf is being sent to peer 101
[15:32:02] The chunk 185/520 of file cn.pdf is being sent to peer 101
[15:32:02] The chunk 186/520 of file cn.pdf is being sent to peer 101
[15:32:02] The chunk 187/520 of file cn.pdf is being sent to peer 101
[15:32:02] The chunk 188/520 of file cn.pdf is being sent to peer 101
[15:32:02] The chunk 189/520 of file cn.pdf is being sent to peer 101
[15:32:02] The chunk 190/520 of file cn.pdf is being sent to peer 101
[15:32:02] The chunk 191/520 of file cn.pdf is being sent to peer 101
[15:32:02] The chunk 192/520 of file cn.pdf is being sent to peer 101
[15:32:02] The chunk 193/520 of file cn.pdf is being sent to peer 101
[15:32:02] The chunk 194/520 of file cn.pdf is being sent to peer 101
[15:32:02] The chunk 195/520 of file cn.pdf is being sent to peer 101
[15:32:02] The chunk 196/520 of file cn.pdf is being sent to peer 101
[15:32:02] The chunk 197/520 of file cn.pdf is being sent to peer 101
[15:32:02] The chunk 198/520 of file cn.pdf is being sent to peer 101
[15:32:02] The chunk 199/520 of file cn.pdf is being sent to peer 101
[15:32:02] The chunk 200/520 of file cn.pdf is being sent to peer 101
[15:32:02] The chunk 201/520 of file cn.pdf is being sent to peer 101
[15:32:02] The chunk 202/520 of file cn.pdf is being sent to peer 101
[15:32:02] The chunk 203/520 of file cn.pdf is being sent to peer 101
[15:32:02] The chunk 204/520 of file cn.pdf is being sent to peer 101
[15:32:02] The chunk 205/520 of file cn.pdf is being sent to peer 101
[15:32:02] The chunk 206/520 of file cn.pdf is being sent to peer 101
[15:32:02] The chunk 207/520 of file cn.pdf is being sent to peer 101
[15:32:02] The chunk 208/520 of file cn.pdf is being sent to peer 101
[15:32:02] The chunk 209/520 of file cn.pdf is being sent to peer 101
[15:32:02] The chunk 210/520 of file cn.pdf is being sent to peer 101
[15:32:02] The chunk 211/520 of file cn.pdf is being sent to peer 101
[15:32:02] The chunk 212/520 of file cn.pdf is being sent to peer 101
[15:32:02] The chunk 213/520 of file cn.pdf is being sent to peer 101
[15:32:02] The chunk 214/520 of file cn.pdf is being sent to peer 101
[15:32:02] The chunk 215/520 of file cn.pdf is being sent to peer 101
[15:32:02] The chunk 216/520 of file cn.pdf is being sent to peer 101
[15:32:02] The chunk 217/520 of file cn.pdf is being sent to peer 101
[15:32:02] The chunk 218/520 of file cn.pdf is being sent to peer 101
[15:32:02] The chunk 219/520 of file cn.pdf is being sent to peer 101
[15:32:02] The chunk 220/520 of file cn.pdf is being sent to peer 101
[15:32:02] The chunk 221/520 of file cn.pdf is being sent to peer 101
[15:32:02] The chunk 222/520 of file cn.pdf is being sent to peer 101
[15:32:02] The chunk 223/520 of file cn.pdf is being sent to peer 101
[15:32:02] The chunk 224/520 of file cn.pdf is being sent to peer 101
[15:32:02] The chunk 225/520 of file cn.pdf is being sent to peer 101
[15:32:02] The chunk 226/520 of file cn.pdf is being sent to peer 101
[15:32:02] The chunk 227/520 of file cn.pdf is being sent to peer 101
[15:32:02] The chunk 228/520 of file cn.pdf is being sent to peer 101
[15:32:02] The chunk 229/520 of file cn.pdf is being sent to peer 101
[15:32:02] The chunk 230/520 of file cn.pdf is being sent to peer 101
[15:32:02] The chunk 231/520 of file cn.pdf is being sent to peer 101
[15:32:02] The chunk 232/520 of file cn.pdf is being sent to peer 101
[15:32:02] The chunk 233/520 of file cn.pdf is being sent to peer 101
[15:32:02] The chunk 234/520 of file cn.pdf is being sent to peer 101
[15:32:02] The chunk 235/520 of file cn.pdf is being sent to peer 101
[15:32:02] The chunk 236/520 of file cn.pdf is being sent to peer 101
[15:32:02] The chunk 237/520 of file cn.pdf is being sent to peer 101
[15:32:02] The chunk 238/520 of file cn.pdf is being sent to peer 101
[15:32:02] The chunk 239/520 of file cn.pdf is being sent to peer 101
[15:32:02] The chunk 240/520 of file cn.pdf is being sent to peer 101
[15:32:02] The chunk 241/520 of file cn.pdf is being sent to peer 101
[15:32:02] The chunk 242/520 of file cn.pdf is being sent to peer 101
[15:32:02] The chunk 243/520 of file cn.pdf is being sent to peer 101
[15:32:02] The chunk 244/520 of file cn.pdf is being sent to peer 101
[15:32:02] The chunk 245/520 of file cn.pdf is being sent to peer 101
[15:32:02] The chunk 246/520 of file cn.pdf is being sent to peer 101
[15:32:02] The chunk 247/520 of file cn.pdf is being sent to peer 101
[15:32:02] The chunk 248/520 of file cn.pdf is being sent to peer 101
[15:32:02] The chunk 249/520 of file cn.pdf is being sent to peer 101
[15:32:02] The chunk 250/520 of file cn.pdf is being sent to peer 101
[15:32:02] The chunk 251/520 of file cn.pdf is being sent to peer 101
[15:32:02] The chunk 252/520 of file cn.pdf is being sent to peer 101
[15:32:02] The chunk 253/520 of file cn.pdf is being sent to peer 101
[15:32:02] The chunk 254/520 of file cn.pdf is being sent to peer 101
[15:32:02] The chunk 255/520 of file cn.pdf is being sent to peer 101
[15:32:02] The chunk 256/520 of file cn.pdf is being sent to peer 101
[15:32:02] The chunk 257/520 of file cn.pdf is being sent to peer 101
[15:32:02] The chunk 258/520 of file cn.pdf is being sent to peer 101
[15:32:02] The chunk 259/520 of file cn.pdf is being sent to peer 101
[15:32:02] The chunk 260/520 of file cn.pdf is being sent to peer 101
[15:32:02] The chunk 261/520 of file cn.pdf is being sent to peer 101
[15:32:02] The chunk 262/520 of file cn.pdf is being sent to peer 101
[15:32:02] The chunk 263/520 of file cn.pdf is being sent to peer 101
[15:32:02] The chunk 264/520 of file cn.pdf is being sent to peer 101
[15:32:02] The chunk 265/520 of file cn.pdf is being sent to peer 101
[15:32:02] The chunk 266/520 of file cn.pdf is being sent to peer 101
[15:32:02] The chunk 267/520 of file cn.pdf is being sent to peer 101
[15:32:02] The chunk 268/520 of file cn.pdf is being sent to peer 101
[15:32:02] The chunk 269/520 of file cn.pdf is being sent to peer 101
[15:32:02] The chunk 270/520 of file cn.pdf is being sent to peer 101
[15:32:02] The chunk 271/520 of file cn.pdf is being sent to peer 101
[15:32:02] The chunk 272/520 of file cn.pdf is being sent to peer 101
[15:32:02] The chunk 273/520 of file cn.pdf is being sent to peer 101
[15:32:02] The chunk 274/520 of file cn.pdf is being sent to peer 101
[15:32:02] The chunk 275/520 of file cn.pdf is being sent to peer 101
[15:32:02] The chunk 276/520 of file cn.pdf is being sent to peer 101
[15:32:02] The chunk 277/520 of file cn.pdf is being sent to peer 101
[15:32:02] The chunk 278/520 of file cn.pdf is being sent to peer 101
[15:32:02] The chunk 279/520 of file cn.pdf is being sent to peer 101
[15:32:02] The chunk 280/520 of file cn.pdf is being sent to peer 101
[15:32:02] The chunk 281/520 of file cn.pdf is being sent to peer 101
[15:32:02] The chunk 282/520 of file cn.pdf is being sent to peer 101
[15:32:02] The chunk 283/520 of file cn.pdf is being sent to peer 101
[15:32:02] The chunk 284/520 of file cn.pdf is being sent to peer 101
[15:32:02] The chunk 285/520 of file cn.pdf is being sent to peer 101
[15:32:02] The chunk 286/520 of file cn.pdf is being sent to peer 101
[15:32:02] The chunk 287/520 of file cn.pdf is being sent to peer 101
[15:32:02] The chunk 288/520 of file cn.pdf is being sent to peer 101
[15:32:02] The chunk 289/520 of file cn.pdf is being sent to peer 101
[15:32:02] The chunk 290/520 of file cn.pdf is being sent to peer 101
[15:32:02] The chunk 291/520 of file cn.pdf is being sent to peer 101
[15:32:02] The chunk 292/520 of file cn.pdf is being sent to peer 101
[15:32:02] The chunk 293/520 of file cn.pdf is being sent to peer 101
[15:32:02] The chunk 294/520 of file cn.pdf is being sent to peer 101
[15:32:02] The chunk 295/520 of file cn.pdf is being sent to peer 101
[15:32:02] The chunk 296/520 of file cn.pdf is being sent to peer 101
[15:32:02] The chunk 297/520 of file cn.pdf is being sent to peer 101
[15:32:02] The chunk 298/520 of file cn.pdf is being sent to peer 101
[15:32:02] The chunk 299/520 of file cn.pdf is being sent to peer 101
[15:32:02] The chunk 300/520 of file cn.pdf is being sent to peer 101
[15:32:02] The chunk 301/520 of file cn.pdf is being sent to peer 101
[15:32:02] The chunk 302/520 of file cn.pdf is being sent to peer 101
[15:32:02] The chunk 303/520 of file cn.pdf is being sent to peer 101
[15:32:02] The chunk 304/520 of file cn.pdf is being sent to peer 101
[15:32:02] The chunk 305/520 of file cn.pdf is being sent to peer 101
[15:32:02] The chunk 306/520 of file cn.pdf is being sent to peer 101
[15:32:02] The chunk 307/520 of file cn.pdf is being sent to peer 101
[15:32:02] The chunk 308/520 of file cn.pdf is being sent to peer 101
[15:32:02] The chunk 309/520 of file cn.pdf is being sent to peer 101
[15:32:02] The chunk 310/520 of file cn.pdf is being sent to peer 101
[15:32:02] The chunk 311/520 of file cn.pdf is being sent to peer 101
[15:32:02] The chunk 312/520 of file cn.pdf is being sent to peer 101
[15:32:02] The chunk 313/520 of file cn.pdf is being sent to peer 101
[15:32:02] The chunk 314/520 of file cn.pdf is being sent to peer 101
[15:32:02] The chunk 315/520 of file cn.pdf is being sent to peer 101
[15:32:02] The chunk 316/520 of file cn.pdf is being sent to peer 101
[15:32:02] The chunk 317/520 of file cn.pdf is being sent to peer 101
[15:32:02] The chunk 318/520 of file cn.pdf is being sent to peer 101
[15:32:02] The chunk 319/520 of file cn.pdf is being sent to peer 101
[15:32:02] The chunk 320/520 of file cn.pdf is being sent to peer 101
[15:32:02] The chunk 321/520 of file cn.pdf is being sent to peer 101
[15:32:02] The chunk 322/520 of file cn.pdf is being sent to peer 101
[15:32:02] The chunk 323/520 of file cn.pdf is being sent to peer 101
[15:32:02] The chunk 324/520 of file cn.pdf is being sent to peer 101
[15:32:02] The chunk 325/520 of file cn.pdf is being sent to peer 101
[15:32:02] The chunk 326/520 of file cn.pdf is being sent to peer 101
[15:32:02] The chunk 327/520 of file cn.pdf is being sent to peer 101
[15:32:02] The chunk 328/520 of file cn.pdf is being sent to peer 101
[15:32:02] The chunk 329/520 of file cn.pdf is being sent to peer 101
[15:32:02] The chunk 330/520 of file cn.pdf is being sent to peer 101
[15:32:02] The chunk 331/520 of file cn.pdf is being sent to peer 101
[15:32:02] The chunk 332/520 of file cn.pdf is being sent to peer 101
[15:32:02] The chunk 333/520 of file cn.pdf is being sent to peer 101
[15:32:02] The chunk 334/520 of file cn.pdf is being sent to peer 101
[15:32:02] The chunk 335/520 of file cn.pdf is being sent to peer 101
[15:32:02] The chunk 336/520 of file cn.pdf is being sent to peer 101
[15:32:02] The chunk 337/520 of file cn.pdf is being sent to peer 101
[15:32:02] The chunk 338/520 of file cn.pdf is being sent to peer 101
[15:32:02] The chunk 339/520 of file cn.pdf is being sent to peer 101
[15:32:02] The chunk 340/520 of file cn.pdf is being sent to peer 101
[15:32:02] The chunk 341/520 of file cn.pdf is being sent to peer 101
[15:32:02] The chunk 342/520 of file cn.pdf is being sent to peer 101
[15:32:02] The chunk 343/520 of file cn.pdf is being sent to peer 101
[15:32:02] The chunk 344/520 of file cn.pdf is being sent to peer 101
[15:32:02] The chunk 345/520 of file cn.pdf is being sent to peer 101
[15:32:02] The chunk 346/520 of file cn.pdf is being sent to peer 101
[15:32:02] The chunk 347/520 of file cn.pdf is being sent to peer 101
[15:32:02] The chunk 348/520 of file cn.pdf is being sent to peer 101
[15:32:02] The chunk 349/520 of file cn.pdf is being sent to peer 101
[15:32:02] The chunk 350/520 of file cn.pdf is being sent to peer 101
[15:32:02] The chunk 351/520 of file cn.pdf is being sent to peer 101
[15:32:02] The chunk 352/520 of file cn.pdf is being sent to peer 101
[15:32:02] The chunk 353/520 of file cn.pdf is being sent to peer 101
[15:32:02] The chunk 354/520 of file cn.pdf is being sent to peer 101
[15:32:02] The chunk 355/520 of file cn.pdf is being sent to peer 101
[15:32:02] The chunk 356/520 of file cn.pdf is being sent to peer 101
[15:32:02] The chunk 357/520 of file cn.pdf is being sent to peer 101
[15:32:02] The chunk 358/520 of file cn.pdf is being sent to peer 101
[15:32:02] The chunk 359/520 of file cn.pdf is being sent to peer 101
[15:32:02] The chunk 360/520 of file cn.pdf is being sent to peer 101
[15:32:02] The chunk 361/520 of file cn.pdf is being sent to peer 101
[15:32:02] The chunk 362/520 of file cn.pdf is being sent to peer 101
[15:32:02] The chunk 363/520 of file cn.pdf is being sent to peer 101
[15:32:02] The chunk 364/520 of file cn.pdf is being sent to peer 101
[15:32:02] The chunk 365/520 of file cn.pdf is being sent to peer 101
[15:32:02] The chunk 366/520 of file cn.pdf is being sent to peer 101
[15:32:02] The chunk 367/520 of file cn.pdf is being sent to peer 101
[15:32:02] The chunk 368/520 of file cn.pdf is being sent to peer 101
[15:32:02] The chunk 369/520 of file cn.pdf is being sent to peer 101
[15:32:02] The chunk 370/520 of file cn.pdf is being sent to peer 101
[15:32:02] The chunk 371/520 of file cn.pdf is being sent to peer 101
[15:32:02] The chunk 372/520 of file cn.pdf is being sent to peer 101
[15:32:02] The chunk 373/520 of file cn.pdf is being sent to peer 101
[15:32:02] The chunk 374/520 of file cn.pdf is being sent to peer 101
[15:32:02] The chunk 375/520 of file cn.pdf is being sent to peer 101
[15:32:02] The chunk 376/520 of file cn.pdf is being sent to peer 101
[15:32:02] The chunk 377/520 of file cn.pdf is being sent to peer 101
[15:32:02] The chunk 378/520 of file cn.pdf is being sent to peer 101
[15:32:02] The chunk 379/520 of file cn.pdf is being sent to peer 101
[15:32:02] The chunk 380/520 of file cn.pdf is being sent to peer 101
[15:32:02] The chunk 381/520 of file cn.pdf is being sent to peer 101
[15:32:02] The chunk 382/520 of file cn.pdf is being sent to peer 101
[15:32:02] The chunk 383/520 of file cn.pdf is being sent to peer 101
[15:32:02] The chunk 384/520 of file cn.pdf is being sent to peer 101
[15:32:02] The chunk 385/520 of file cn.pdf is being sent to peer 101
[15:32:02] The chunk 386/520 of file cn.pdf is being sent to peer 101
[15:32:02] The chunk 387/520 of file cn.pdf is being sent to peer 101
[15:32:02] The chunk 388/520 of file cn.pdf is being sent to peer 101
[15:32:02] The chunk 389/520 of file cn.pdf is being sent to peer 101
[15:32:02] The chunk 390/520 of file cn.pdf is being sent to peer 101
[15:32:02] The chunk 391/520 of file cn.pdf is being sent to peer 101
[15:32:02] The chunk 392/520 of file cn.pdf is being sent to peer 101
[15:32:02] The chunk 393/520 of file cn.pdf is being sent to peer 101
[15:32:02] The chunk 394/520 of file cn.pdf is being sent to peer 101
[15:32:02] The chunk 395/520 of file cn.pdf is being sent to peer 101
[15:32:02] The chunk 396/520 of file cn.pdf is being sent to peer 101
[15:32:02] The chunk 397/520 of file cn.pdf is being sent to peer 101
[15:32:02] The chunk 398/520 of file cn.pdf is being sent to peer 101
[15:32:02] The chunk 399/520 of file cn.pdf is being sent to peer 101
[15:32:02] The chunk 400/520 of file cn.pdf is being sent to peer 101
[15:32:02] The chunk 401/520 of file cn.pdf is being sent to peer 101
[15:32:02] The chunk 402/520 of file cn.pdf is being sent to peer 101
[15:32:02] The chunk 403/520 of file cn.pdf is being sent to peer 101
[15:32:02] The chunk 404/520 of file cn.pdf is being sent to peer 101
[15:32:02] The chunk 405/520 of file cn.pdf is being sent to peer 101
[15:32:02] The chunk 406/520 of file cn.pdf is being sent to peer 101
[15:32:02] The chunk 407/520 of file cn.pdf is being sent to peer 101
[15:32:02] The chunk 408/520 of file cn.pdf is being sent to peer 101
[15:32:02] The chunk 409/520 of file cn.pdf is being sent to peer 101
[15:32:02] The chunk 410/520 of file cn.pdf is being sent to peer 101
[15:32:02] The chunk 411/520 of file cn.pdf is being sent to peer 101
[15:32:02] The chunk 412/520 of file cn.pdf is being sent to peer 101
[15:32:02] The chunk 413/520 of file cn.pdf is being sent to peer 101
[15:32:02] The chunk 414/520 of file cn.pdf is being sent to peer 101
[15:32:02] The chunk 415/520 of file cn.pdf is being sent to peer 101
[15:32:02] The chunk 416/520 of file cn.pdf is being sent to peer 101
[15:32:02] The chunk 417/520 of file cn.pdf is being sent to peer 101
[15:32:02] The chunk 418/520 of file cn.pdf is being sent to peer 101
[15:32:02] The chunk 419/520 of file cn.pdf is being sent to peer 101
[15:32:02] The chunk 420/520 of file cn.pdf is being sent to peer 101
[15:32:02] The chunk 421/520 of file cn.pdf is being sent to peer 101
[15:32:02] The chunk 422/520 of file cn.pdf is being sent to peer 101
[15:32:02] The chunk 423/520 of file cn.pdf is being sent to peer 101
[15:32:02] The chunk 424/520 of file cn.pdf is being sent to peer 101
[15:32:02] The chunk 425/520 of file cn.pdf is being sent to peer 101
[15:32:02] The chunk 426/520 of file cn.pdf is being sent to peer 101
[15:32:02] The chunk 427/520 of file cn.pdf is being sent to peer 101
[15:32:02] The chunk 428/520 of file cn.pdf is being sent to peer 101
[15:32:02] The chunk 429/520 of file cn.pdf is being sent to peer 101
[15:32:02] The chunk 430/520 of file cn.pdf is being sent to peer 101
[15:32:02] The chunk 431/520 of file cn.pdf is being sent to peer 101
[15:32:02] The chunk 432/520 of file cn.pdf is being sent to peer 101
[15:32:02] The chunk 433/520 of file cn.pdf is being sent to peer 101
[15:32:02] The chunk 434/520 of file cn.pdf is being sent to peer 101
[15:32:02] The chunk 435/520 of file cn.pdf is being sent to peer 101
[15:32:02] The chunk 436/520 of file cn.pdf is being sent to peer 101
[15:32:02] The chunk 437/520 of file cn.pdf is being sent to peer 101
[15:32:02] The chunk 438/520 of file cn.pdf is being sent to peer 101
[15:32:02] The chunk 439/520 of file cn.pdf is being sent to peer 101
[15:32:02] The chunk 440/520 of file cn.pdf is being sent to peer 101
[15:32:02] The chunk 441/520 of file cn.pdf is being sent to peer 101
[15:32:02] The chunk 442/520 of file cn.pdf is being sent to peer 101
[15:32:02] The chunk 443/520 of file cn.pdf is being sent to peer 101
[15:32:02] The chunk 444/520 of file cn.pdf is being sent to peer 101
[15:32:02] The chunk 445/520 of file cn.pdf is being sent to peer 101
[15:32:02] The chunk 446/520 of file cn.pdf is being sent to peer 101
[15:32:02] The chunk 447/520 of file cn.pdf is being sent to peer 101
[15:32:02] The chunk 448/520 of file cn.pdf is being sent to peer 101
[15:32:02] The chunk 449/520 of file cn.pdf is being sent to peer 101
[15:32:02] The chunk 450/520 of file cn.pdf is being sent to peer 101
[15:32:02] The chunk 451/520 of file cn.pdf is being sent to peer 101
[15:32:02] The chunk 452/520 of file cn.pdf is being sent to peer 101
[15:32:02] The chunk 453/520 of file cn.pdf is being sent to peer 101
[15:32:02] The chunk 454/520 of file cn.pdf is being sent to peer 101
[15:32:02] The chunk 455/520 of file cn.pdf is being sent to peer 101
[15:32:02] The chunk 456/520 of file cn.pdf is being sent to peer 101
[15:32:02] The chunk 457/520 of file cn.pdf is being sent to peer 101
[15:32:02] The chunk 458/520 of file cn.pdf is being sent to peer 101
[15:32:02] The chunk 459/520 of file cn.pdf is being sent to peer 101
[15:32:02] The chunk 460/520 of file cn.pdf is being sent to peer 101
[15:32:02] The chunk 461/520 of file cn.pdf is being sent to peer 101
[15:32:02] The chunk 462/520 of file cn.pdf is being sent to peer 101
[15:32:02] The chunk 463/520 of file cn.pdf is being sent to peer 101
[15:32:02] The chunk 464/520 of file cn.pdf is being sent to peer 101
[15:32:02] The chunk 465/520 of file cn.pdf is being sent to peer 101
[15:32:02] The chunk 466/520 of file cn.pdf is being sent to peer 101
[15:32:02] The chunk 467/520 of file cn.pdf is being sent to peer 101
[15:32:02] The chunk 468/520 of file cn.pdf is being sent to peer 101
[15:32:02] The chunk 469/520 of file cn.pdf is being sent to peer 101
[15:32:02] The chunk 470/520 of file cn.pdf is being sent to peer 101
[15:32:02] The chunk 471/520 of file cn.pdf is being sent to peer 101
[15:32:02] The chunk 472/520 of file cn.pdf is being sent to peer 101
[15:32:02] The chunk 473/520 of file cn.pdf is being sent to peer 101
[15:32:02] The chunk 474/520 of file cn.pdf is being sent to peer 101
[15:32:02] The chunk 475/520 of file cn.pdf is being sent to peer 101
[15:32:02] The chunk 476/520 of file cn.pdf is being sent to peer 101
[15:32:02] The chunk 477/520 of file cn.pdf is being sent to peer 101
[15:32:02] The chunk 478/520 of file cn.pdf is being sent to peer 101
[15:32:02] The chunk 479/520 of file cn.pdf is being sent to peer 101
[15:32:02] The chunk 480/520 of file cn.pdf is being sent to peer 101
[15:32:02] The chunk 481/520 of file cn.pdf is being sent to peer 101
[15:32:02] The chunk 482/520 of file cn.pdf is being sent to peer 101
[15:32:02] The chunk 483/520 of file cn.pdf is being sent to peer 101
[15:32:02] The chunk 484/520 of file cn.pdf is being sent to peer 101
[15:32:02] The chunk 485/520 of file cn.pdf is being sent to peer 101
[15:32:02] The chunk 486/520 of file cn.pdf is being sent to peer 101
[15:32:02] The chunk 487/520 of file cn.pdf is being sent to peer 101
[15:32:02] The chunk 488/520 of file cn.pdf is being sent to peer 101
[15:32:02] The chunk 489/520 of file cn.pdf is being sent to peer 101
[15:32:02] The chunk 490/520 of file cn.pdf is being sent to peer 101
[15:32:02] The chunk 491/520 of file cn.pdf is being sent to peer 101
[15:32:02] The chunk 492/520 of file cn.pdf is being sent to peer 101
[15:32:02] The chunk 493/520 of file cn.pdf is being sent to peer 101
[15:32:02] The chunk 494/520 of file cn.pdf is being sent to peer 101
[15:32:02] The chunk 495/520 of file cn.pdf is being sent to peer 101
[15:32:02] The chunk 496/520 of file cn.pdf is being sent to peer 101
[15:32:02] The chunk 497/520 of file cn.pdf is being sent to peer 101
[15:32:02] The chunk 498/520 of file cn.pdf is being sent to peer 101
[15:32:02] The chunk 499/520 of file cn.pdf is being sent to peer 101
[15:32:02] The chunk 500/520 of file cn.pdf is being sent to peer 101
[15:32:02] The chunk 501/520 of file cn.pdf is being sent to peer 101
[15:32:02] The chunk 502/520 of file cn.pdf is being sent to peer 101
[15:32:02] The chunk 503/520 of file cn.pdf is being sent to peer 101
[15:32:02] The chunk 504/520 of file cn.pdf is being sent to peer 101
[15:32:02] The chunk 505/520 of file cn.pdf is being sent to peer 101
[15:32:02] The chunk 506/520 of file cn.pdf is being sent to peer 101
[15:32:02] The chunk 507/520 of file cn.pdf is being sent to peer 101
[15:32:02] The chunk 508/520 of file cn.pdf is being sent to peer 101
[15:32:02] The chunk 509/520 of file cn.pdf is being sent to peer 101
[15:32:02] The chunk 510/520 of file cn.pdf is being sent to peer 101
[15:32:02] The chunk 511/520 of file cn.pdf is being sent to peer 101
[15:32:02] The chunk 512/520 of file cn.pdf is being sent to peer 101
[15:32:02] The chunk 513/520 of file cn.pdf is being sent to peer 101
[15:32:02] The chunk 514/520 of file cn.pdf is being sent to peer 101
[15:32:02] The chunk 515/520 of file cn.pdf is being sent to peer 101
[15:32:02] The chunk 516/520 of file cn.pdf is being sent to peer 101
[15:32:02] The chunk 517/520 of file cn.pdf is being sent to peer 101
[15:32:02] The chunk 518/520 of file cn.pdf is being sent to peer 101
[15:32:02] The chunk 519/520 of file cn.pdf is being sent to peer 101
[15:32:20] Still here
[15:52:32] Still here
[15:52:32] Still here
[15:52:32] Still here
[15:52:32] Still here
[15:52:32] Still here
[15:52:32] Still here
[15:52:32] Still here
[15:52:32] Still here
[15:52:32] Still here
[15:52:32] Still here
[15:52:32] Still here
[15:52:32] Still here
[15:52:32] Still here
[15:52:32] Still here
[15:52:32] Still here
[15:52:32] Still here
[15:52:32] Still here
[15:52:32] Still here
[15:52:32] Still here
[15:52:32] Still here
[15:52:32] Still here
[15:52:32] Still here
[15:52:32] Still here
[15:52:32] Still here
[15:52:32] Still here
[15:52:32] Still here
[15:52:32] Still here
[15:52:32] Still here
[15:52:32] Still here
[15:52:32] Still here
[15:52:32] Still here
[15:52:32] Still here
[15:52:32] Still here
[15:52:32] Still here
[15:52:32] Still here
[15:52:32] Still here
[15:52:32] Still here
[15:52:32] Still here
[15:52:32] Still here
[15:52:32] Still here
[15:52:32] Still here
[15:52:32] Still here
[15:52:32] Still here
[15:52:32] Still here
[15:52:32] Still here
[15:52:32] Still here
[15:52:32] Still here
[15:52:32] Still here
[15:52:32] Still here
[15:52:32] Still here
[15:52:32] Still here
[15:52:32] Still here
[15:52:32] Still here
[15:52:32] Still here
[15:52:32] Still here
[15:52:32] Still here
[15:52:32] Still here
[15:52:32] Still here
[15:52:32] Still here
[15:52:32] Still here
[15:52:40] Still here
[15:53:00] Still here
[15:57:15] Still here
[15:57:15] Still here
[15:57:15] Still here
[15:57:15] Still here
[15:57:15] Still here
[15:57:15] Still here
[15:57:15] Still here
[15:57:15] Still here
[15:57:15] Still here
[15:57:15] Still here
[15:57:15] Still here
[15:57:15] Still here
[15:57:20] Still here
[15:57:40] Still here
[15:59:01] Still here
[15:59:01] Still here
[15:59:01] Still here
[15:59:01] Still here
[15:59:20] Still here
[15:59:40] Still here
[16:00:00] Still here
[16:00:20] Still here
[16:00:40] Still here
[16:01:00] Still here
[16:01:20] Still here
[16:01:40] Still here
[16:02:00] Still here
[16:02:20] Still here
[16:02:40] Still here
[16:03:00] Still here
[16:03:20] Still here
[16:03:40] Still here
[16:04:00] Still here
[16:04:20] Still here
[16:04:40] Still here
[16:05:00] Still here
[16:05:20] Still here
[16:05:40] Still here
[16:06:00] Still here
[16:06:20] Still here
[16:06:40] Still here
[16:07:00] Still here
[16:07:20] Still here
[16:07:40] Still here
[16:08:00] Still here
[16:08:20] Still here
[16:08:40] Still here
[16:09:00] Still here
[16:09:20] Still here
[16:09:40] Still here
[16:10:00] Still here
[16:10:20] Still here
[16:10:40] Still here
[16:11:00] Still here
[16:11:20] Still here
[16:11:40] Still here
[16:12:00] Still here
[16:12:20] Still here
[16:12:40] Still here
[16:13:00] Still here
[16:13:20] Still here
[16:13:40] Still here
[16:14:00] Still here
[16:14:20] Still here
[16:14:40] Still here
[16:15:00] Still here
[16:15:20] Still here
[16:15:40] Still here
[16:16:00] Still here
[16:16:20] Still here
[16:16:40] Still here
[16:17:00] Still here
[16:17:20] Still here
[16:17:40] Still here
[16:18:00] Still here
[16:18:20] Still here
[16:18:40] Still here
[16:19:00] Still here
[16:19:20] Still here
[16:19:40] Still here
[16:20:00] Still here
[16:20:20] Still here
[16:20:40] Still here
[16:21:00] Still here
[16:21:20] Still here
[16:21:40] Still here
[16:22:00] Still here
[16:22:20] Still here
[16:22:40] Still here
[16:23:00] Still here
[16:23:20] Still here
[16:23:40] Still here
[16:24:00] Still here
[16:24:20] Still here
[16:24:40] Still here
[16:25:00] Still here
[16:25:20] Still here
[16:25:40] Still here
[16:26:00] Still here
[16:26:20] Still here
[16:26:40] Still here
[16:27:00] Still here
[16:27:20] Still here
[16:27:40] Still here
[16:28:00] Still here
[16:28:20] Still here
[16:28:40] Still here
[16:29:00] Still here
[16:29:20] Still here
[16:29:40] Still here
[16:30:00] Still here
[16:30:20] Still here
[16:30:40] Still here
[16:31:00] Still here
[16:31:20] Still here
[16:31:40] Still here
[16:32:00] Still here
[16:32:20] Still here
[16:32:40] Still here
[16:33:00] Still here
[16:33:20] Still here
[16:33:40] Still here
[16:34:00] Still here
[16:34:20] Still here
[16:34:40] Still here
[16:35:00] Still here
[16:35:20] Still here
[16:35:40] Still here
[16:36:00] Still here
[16:36:20] Still here
[16:36:40] Still here
[16:37:00] Still here
[16:37:20] Still here
[16:37:40] Still here
[16:38:00] Still here
[16:38:20] Still here
[16:38:40] Still here
[16:39:00] Still here
[16:39:20] Still here
[16:39:40] Still here
[16:40:00] Still here
[16:40:20] Still here
[16:40:40] Still here
[16:41:00] Still here
[16:41:20] Still here
[16:41:40] Still here
[16:42:00] Still here
[16:42:20] Still here
[16:42:40] Still here
[16:43:00] Still here
[16:43:20] Still here
[16:43:40] Still here
[16:44:00] Still here
[16:44:20] Still here
[16:44:40] Still here
[16:45:00] Still here
[16:45:20] Still here
[16:45:40] Still here
[16:46:00] Still here
[16:46:20] Still here
[16:46:40] Still here
[16:47:00] Still here
[16:47:20] Still here
[16:47:40] Still here
[16:48:00] Still here
[16:48:20] Still here
[16:48:40] Still here
[16:49:00] Still here
[16:49:20] Still here
[16:49:40] Still here
[16:50:00] Still here
[16:50:20] Still here
[16:50:40] Still here
[16:51:00] Still here
[16:51:20] Still here
[16:51:40] Still here
[16:52:00] Still here
[16:52:20] Still here
[16:52:40] Still here
[16:53:00] Still here
[16:53:20] Still here
[16:53:40] Still here
[16:54:00] Still here
[16:54:20] Still here
[16:54:40] Still here
[16:55:00] Still here
[16:55:20] Still here
[16:55:40] Still here
[16:56:00] Still here
[16:56:20] Still here
[16:56:40] Still here
[16:57:00] Still here
[16:57:20] Still here
[16:57:40] Still here
[16:58:00] Still here
[16:58:20] Still here
[16:58:40] Still here
[16:59:00] Still here
[16:59:20] Still here
[16:59:40] Still here
[17:00:00] Still here
[17:00:20] Still here
[17:00:40] Still here
[17:01:00] Still here
[17:01:20] Still here
[17:01:40] Still here
[17:02:00] Still here
[17:02:20] Still here
[17:02:40] Still here
[17:03:00] Still here
[17:03:20] Still here
[17:03:40] Still here
[17:04:00] Still here
[17:04:20] Still here
[17:04:40] Still here
[17:05:00] Still here
[17:05:20] Still here
[17:05:40] Still here
[17:06:00] Still here
[17:06:20] Still here
[17:06:40] Still here
[17:07:00] Still here
[17:07:20] Still here
[17:07:40] Still here
[17:08:00] Still here
[17:08:20] Still here
[17:08:40] Still here
[17:09:00] Still here
[17:09:20] Still here
[17:09:40] Still here
[17:10:00] Still here
[17:10:20] Still here
[17:10:40] Still here
[17:11:00] Still here
[17:11:20] Still here
[17:11:40] Still here
[17:12:00] Still here
[17:12:20] Still here
[17:12:40] Still here
[17:13:00] Still here
[17:13:20] Still here
[17:13:40] Still here
[17:14:00] Still here
[17:14:20] Still here
[17:14:40] Still here
[17:15:00] Still here
[17:15:20] Still here
[17:15:40] Still here
[17:16:00] Still here
[17:16:20] Still here
[17:16:40] Still here
[17:17:00] Still here
[17:17:20] Still here
[17:17:40] Still here
[17:18:00] Still here
[17:18:20] Still here
[17:18:40] Still here
[17:19:00] Still here
[17:19:20] Still here
[17:19:40] Still here
[17:20:00] Still here
[17:20:20] Still here
[17:20:40] Still here
[17:21:00] Still here
[17:21:20] Still here
[17:21:40] Still here
[17:22:00] Still here
[17:22:20] Still here
[17:22:40] Still here
[17:23:00] Still here
[17:23:20] Still here
[17:23:40] Still here
[17:24:00] Still here
[17:24:20] Still here
[17:24:40] Still here
[17:25:00] Still here
[17:25:20] Still here
[17:25:40] Still here
[17:26:00] Still here
[17:26:20] Still here
[17:26:40] Still here
[17:27:00] Still here
[17:27:20] Still here
[17:27:40] Still here
[17:28:00] Still here
[17:28:20] Still here
[17:28:40] Still here
[17:29:00] Still here
[17:29:20] Still here
[17:29:40] Still here
[17:30:00] Still here
[17:30:20] Still here
[17:30:40] Still here
[17:31:00] Still here
[17:31:20] Still here
[17:31:40] Still here
[17:32:00] Still here
[17:32:20] Still here
[17:32:40] Still here
[17:33:00] Still here
[17:33:20] Still here
[17:33:40] Still here
[17:34:00] Still here
[17:34:20] Still here
[17:34:40] Still here
[17:35:00] Still here
[17:35:20] Still here
[17:35:40] Still here
[17:36:00] Still here
[17:36:20] Still here
[17:36:40] Still here
[17:37:00] Still here
[17:37:20] Still here
[17:37:40] Still here
[17:38:00] Still here
[17:38:20] Still here
[17:38:40] Still here
[17:39:00] Still here
[18:23:19] Still here
[18:23:19] Still here
[18:23:19] Still here
[18:23:19] Still here
[18:23:19] Still here
[18:23:19] Still here
[18:23:19] Still here
[18:23:19] Still here
[18:23:19] Still here
[18:23:19] Still here
[18:23:19] Still here
[18:23:19] Still here
[18:23:19] Still here
[18:23:19] Still here
[18:23:19] Still here
[18:23:19] Still here
[18:23:19] Still here
[18:23:19] Still here
[18:23:19] Still here
[18:23:19] Still here
[18:23:19] Still here
[18:23:19] Still here
[18:23:19] Still here
[18:23:19] Still here
[18:23:19] Still here
[18:23:19] Still here
[18:23:19] Still here
[18:23:19] Still here
[18:23:19] Still here
[18:23:19] Still here
[18:23:19] Still here
[18:23:19] Still here
[18:23:19] Still here
[18:23:19] Still here
[18:23:19] Still here
[18:23:19] Still here
[18:23:19] Still here
[18:23:19] Still here
[18:23:19] Still here
[18:23:19] Still here
[18:23:19] Still here
[18:23:19] Still here
[18:23:19] Still here
[18:23:19] Still here
[18:23:19] Still here
[18:23:19] Still here
[18:23:19] Still here
[18:23:19] Still here
[18:23:19] Still here
[18:23:19] Still here
[18:23:19] Still here
[18:23:19] Still here
[18:23:19] Still here
[18:23:19] Still here
[18:23:19] Still here
[18:23:19] Still here
[18:23:19] Still here
[18:23:19] Still here
[18:23:19] Still here
[18:23:19] Still here
[18:23:19] Still here
[18:23:19] Still here
[18:23:19] Still here
[18:23:19] Still here
[18:23:19] Still here
[18:23:19] Still here
[18:23:19] Still here
[18:23:19] Still here
[18:23:19] Still here
[18:23:19] Still here
[18:23:19] Still here
[18:23:19] Still here
[18:23:19] Still here
[18:23:19] Still here
[18:23:19] Still here
[18:23:19] Still here
[18:23:19] Still here
[18:23:19] Still here
[18:23:19] Still here
[18:23:19] Still here
[18:23:19] Still here
[18:23:19] Still here
[18:23:19] Still here
[18:23:19] Still here
[18:23:19] Still here
[18:23:19] Still here
[18:23:19] Still here
[18:23:19] Still here
[18:23:19] Still here
[18:23:19] Still here
[18:23:19] Still here
[18:23:19] Still here
[18:23:19] Still here
[18:23:19] Still here
[18:23:19] Still here
[18:23:19] Still here
[18:23:19] Still here
[18:23:19] Still here
[18:23:19] Still here
[18:23:19] Still here
[18:23:19] Still here
[18:23:19] Still here
[18:23:19] Still here
[18:23:19] Still here
[18:23:19] Still here
[18:23:19] Still here
[18:23:19] Still here
[18:23:19] Still here
[18:23:19] Still here
[18:23:19] Still here
[18:23:19] Still here
[18:23:19] Still here
[18:23:19] Still here
[18:23:19] Still here
[18:23:19] Still here
[18:23:19] Still here
[18:23:19] Still here
[18:23:19] Still here
[18:23:19] Still here
[18:23:19] Still here
[18:23:19] Still here
[18:23:19] Still here
[18:23:19] Still here
[18:23:19] Still here
[18:23:19] Still here
[18:23:19] Still here
[18:23:19] Still here
[18:23:19] Still here
[18:23:19] Still here
[18:23:19] Still here
[18:23:19] Still here
[18:23:19] Still here
[18:23:20] Still here
[18:23:40] Still here
[19:17:19] Still here
[19:17:19] Still here
[19:17:19] Still here
[19:17:19] Still here
[19:17:19] Still here
[19:17:19] Still here
[19:17:19] Still here
[19:17:19] Still here
[19:17:19] Still here
[19:17:19] Still here
[19:17:19] Still here
[19:17:19] Still here
[19:17:19] Still here
[19:17:19] Still here
[19:17:19] Still here
[19:17:19] Still here
[19:17:19] Still here
[19:17:19] Still here
[19:17:19] Still here
[19:17:19] Still here
[19:17:19] Still here
[19:17:19] Still here
[19:17:19] Still here
[19:17:19] Still here
[19:17:19] Still here
[19:17:19] Still here
[19:17:19] Still here
[19:17:19] Still here
[19:17:19] Still here
[19:17:19] Still here
[19:17:19] Still here
[19:17:19] Still here
[19:17:19] Still here
[19:17:19] Still here
[19:17:19] Still here
[19:17:19] Still here
[19:17:19] Still here
[19:17:19] Still here
[19:17:19] Still here
[19:17:19] Still here
[19:17:19] Still here
[19:17:19] Still here
[19:17:19] Still here
[19:17:19] Still here
[19:17:19] Still here
[19:17:19] Still here
[19:17:19] Still here
[19:17:19] Still here
[19:17:19] Still here
[19:17:19] Still here
[19:17:19] Still here
[19:17:19] Still here
[19:17:19] Still here
[19:17:19] Still here
[19:17:19] Still here
[19:17:19] Still here
[19:17:19] Still here
[19:17:19] Still here
[19:17:19] Still here
[19:17:19] Still here
[19:17:19] Still here
[19:17:19] Still here
[19:17:19] Still here
[19:17:19] Still here
[19:17:19] Still here
[19:17:19] Still here
[19:17:19] Still here
[19:17:19] Still here
[19:17:19] Still here
[19:17:19] Still here
[19:17:19] Still here
[19:17:19] Still here
[19:17:19] Still here
[19:17:19] Still here
[19:17:19] Still here
[19:17:19] Still here
[19:17:19] Still here
[19:17:19] Still here
[19:17:19] Still here
[19:17:19] Still here
[19:17:19] Still here
[19:17:19] Still here
[19:17:19] Still here
[19:17:19] Still here
[19:17:19] Still here
[19:17:19] Still here
[19:17:19] Still here
[19:17:19] Still here
[19:17:19] Still here
[19:17:19] Still here
[19:17:19] Still here
[19:17:19] Still here
[19:17:19] Still here
[19:17:19] Still here
[19:17:19] Still here
[19:17:19] Still here
[19:17:19] Still here
[19:17:19] Still here
[19:17:19] Still here
[19:17:19] Still here
[19:17:19] Still here
[19:17:19] Still here
[19:17:19] Still here
[19:17:19] Still here
[19:17:19] Still here
[19:17:19] Still here
[19:17:19] Still here
[19:17:19] Still here
[19:17:19] Still here
[19:17:19] Still here
[19:17:19] Still here
[19:17:19] Still here
[19:17:19] Still here
[19:17:19] Still here
[19:17:19] Still here
[19:17:19] Still here
[19:17:19] Still here
[19:17:19] Still here
[19:17:19] Still here
[19:17:19] Still here
[19:17:19] Still here
[19:17:19] Still here
[19:17:19] Still here
[19:17:19] Still here
[19:17:19] Still here
[19:17:19] Still here
[19:17:19] Still here
[19:17:19] Still here
[19:17:19] Still here
[19:17:19] Still here
[19:17:19] Still here
[19:17:19] Still here
[19:17:19] Still here
[19:17:19] Still here
[19:17:19] Still here
[19:17:19] Still here
[19:17:19] Still here
[19:17:19] Still here
[19:17:19] Still here
[19:17:19] Still here
[19:17:19] Still here
[19:17:19] Still here
[19:17:19] Still here
[19:17:19] Still here
[19:17:19] Still here
[19:17:19] Still here
[19:17:19] Still here
[19:17:19] Still here
[19:17:19] Still here
[19:17:19] Still here
[19:17:19] Still here
[19:17:19] Still here
[19:17:19] Still here
[19:17:19] Still here
[19:17:19] Still here
[19:17:19] Still here
[19:17:19] Still here
[19:17:19] Still here
[19:17:19] Still here
[19:17:19] Still here
[19:17:20] Still here
[19:17:40] Still here
[19:18:00] Still here
[19:22:49] Still here
[19:22:49] Still here
[19:22:49] Still here
[19:22:49] Still here
[19:22:49] Still here
[19:22:49] Still here
[19:22:49] Still here
[19:22:49] Still here
[19:22:49] Still here
[19:22:49] Still here
[19:22:49] Still here
[19:22:49] Still here
[19:22:49] Still here
[19:22:49] Still here
[19:23:00] Still here
[19:40:06] Still here
[19:40:06] Still here
[19:40:06] Still here
[19:40:06] Still here
[19:40:06] Still here
[19:40:06] Still here
[19:40:06] Still here
[19:40:06] Still here
[19:40:06] Still here
[19:40:06] Still here
[19:40:06] Still here
[19:40:06] Still here
[19:40:06] Still here
[19:40:06] Still here
[19:40:06] Still here
[19:40:06] Still here
[19:40:06] Still here
[19:40:06] Still here
[19:40:06] Still here
[19:40:06] Still here
[19:40:06] Still here
[19:40:06] Still here
[19:40:06] Still here
[19:40:06] Still here
[19:40:06] Still here
[19:40:06] Still here
[19:40:06] Still here
[19:40:06] Still here
[19:40:06] Still here
[19:40:06] Still here
[19:40:06] Still here
[19:40:06] Still here
[19:40:06] Still here
[19:40:06] Still here
[19:40:06] Still here
[19:40:06] Still here
[19:40:06] Still here
[19:40:06] Still here
[19:40:06] Still here
[19:40:06] Still here
[19:40:06] Still here
[19:40:06] Still here
[19:40:06] Still here
[19:40:06] Still here
[19:40:06] Still here
[19:40:06] Still here
[19:40:06] Still here
[19:40:06] Still here
[19:40:06] Still here
[19:40:06] Still here
[19:40:06] Still here
[19:40:20] Still here
[19:40:40] Still here
[20:13:47] Still here
[20:13:47] Still here
[20:13:47] Still here
[20:13:47] Still here
[20:13:47] Still here
[20:13:47] Still here
[20:13:47] Still here
[20:13:47] Still here
[20:13:47] Still here
[20:13:47] Still here
[20:13:47] Still here
[20:13:47] Still here
[20:13:47] Still here
[20:13:47] Still here
[20:13:47] Still here
[20:13:47] Still here
[20:13:47] Still here
[20:13:47] Still here
[20:13:47] Still here
[20:13:47] Still here
[20:13:47] Still here
[20:13:47] Still here
[20:13:47] Still here
[20:13:47] Still here
[20:13:47] Still here
[20:13:47] Still here
[20:13:47] Still here
[20:13:47] Still here
[20:13:47] Still here
[20:13:47] Still here
[20:13:47] Still here
[20:13:47] Still here
[20:13:47] Still here
[20:13:47] Still here
[20:13:47] Still here
[20:13:47] Still here
[20:13:47] Still here
[20:13:47] Still here
[20:13:47] Still here
[20:13:47] Still here
[20:13:47] Still here
[20:13:47] Still here
[20:13:47] Still here
[20:13:47] Still here
[20:13:47] Still here
[20:13:47] Still here
[20:13:47] Still here
[20:13:47] Still here
[20:13:47] Still here
[20:13:47] Still here
[20:13:47] Still here
[20:13:47] Still here
[20:13:47] Still here
[20:13:47] Still here
[20:13:47] Still here
[20:13:47] Still here
[20:13:47] Still here
[20:13:47] Still here
[20:13:47] Still here
[20:13:47] Still here
[20:13:47] Still here
[20:13:47] Still here
[20:13:47] Still here
[20:13:47] Still here
[20:13:47] Still here
[20:13:47] Still here
[20:13:47] Still here
[20:13:47] Still here
[20:13:47] Still here
[20:13:47] Still here
[20:13:47] Still here
[20:13:47] Still here
[20:13:47] Still here
[20:13:47] Still here
[20:13:47] Still here
[20:13:47] Still here
[20:13:47] Still here
[20:13:47] Still here
[20:13:47] Still here
[20:13:47] Still here
[20:13:47] Still here
[20:13:47] Still here
[20:13:47] Still here
[20:13:47] Still here
[20:13:47] Still here
[20:13:47] Still here
[20:13:47] Still here
[20:13:47] Still here
[20:13:47] Still here
[20:13:47] Still here
[20:13:47] Still here
[20:13:47] Still here
[20:13:47] Still here
[20:13:47] Still here
[20:13:47] Still here
[20:13:47] Still here
[20:13:47] Still here
[20:13:47] Still here
[20:13:47] Still here
[20:14:00] Still here
[20:14:20] Still here
[20:19:19] Still here
[20:19:19] Still here
[20:19:19] Still here
[20:19:19] Still here
[20:19:19] Still here
[20:19:19] Still here
[20:19:19] Still here
[20:19:19] Still here
[20:19:19] Still here
[20:19:19] Still here
[20:19:19] Still here
[20:19:19] Still here
[20:19:19] Still here
[20:19:19] Still here
[20:19:20] Still here
[20:19:40] Still here
