[13:39:46] ========================================
Peer 11 started just right now
===================================================
[13:39:46] You have entered the torrent
[13:39:46] I am informing the tracker that I am still alive.
[13:40:06] I am informing the tracker that I am still alive.
[13:40:26] I am informing the tracker that I am still alive.
[13:40:55] ========================================
Peer 11 started just right now
===================================================
[13:40:55] You have entered the torrent
[13:40:55] I am informing the tracker that I am still alive.
[13:41:15] I am informing the tracker that I am still alive.
[13:44:33] ========================================
Peer 11 started just right now
===================================================
[13:44:33] You have entered the torrent
[13:44:33] I am informing the tracker that I am still alive.
[13:44:53] I am informing the tracker that I am still alive.
[13:44:55] You are now DOWNLOADING the file ASS1.pdf
[13:45:17] ========================================
Peer 11 started just right now
===================================================
[13:45:17] You have entered the torrent
[13:45:17] I am informing the tracker that I am still alive.
[13:45:42] ========================================
Peer 11 started just right now
===================================================
[13:45:42] You have entered the torrent
[13:45:42] I am informing the tracker that I am still alive.
[16:30:07] You have entered the torrent
[16:30:32] You are now DOWNLOADING the file c5.pdf
[16:30:32] You are going to download the file c5.pdf from [2]
[16:30:32] The size of the file c5.pdf is 6389067 bytes
[16:30:32] I sent request for a chunk of file c5.pdf to peer 2
[16:30:32] All chunks of file c5.pdf have been downloaded, but they must be REASSEMBLED
[16:30:32] All chunks of file c5.pdf have been SORTED, they are almost ready to be REASSEMBLED
[16:30:32] The file c5.pdf has been downloaded and saved
