[00:43:43] You have entered the torrent
[00:43:43] Still here
[00:43:59] Still here
[00:44:14] You are now DOWNLOADING the file c5.pdf
[00:44:14] You are going to download the file c5.pdf from [2]
[00:44:14] The size of the file c5.pdf is 6389067 bytes
[00:44:14] I sent request for a chunk of file c5.pdf to peer 2
[00:44:15] All chunks of file c5.pdf have been downloaded, but they must be REASSEMBLED
[00:44:15] All chunks of file c5.pdf have been SORTED, they are almost ready to be REASSEMBLED
[00:44:15] The file c5.pdf has been downloaded and saved
[00:44:19] Still here
[00:44:39] Still here
[00:47:06] You have entered the torrent
[00:47:06] Still here
[00:47:23] Still here
[00:47:43] Still here
[00:48:03] Still here
[00:48:23] Still here
[00:48:43] Still here
[00:49:03] Still here
[00:49:23] Still here
[00:49:43] Still here
[00:50:03] Still here
[00:50:23] Still here
[00:50:43] Still here
