[14:31:30] ========================================
Peer 30 started just right now
===================================================
[14:31:30] You have entered the torrent
[14:31:30] Still here
[14:31:50] Still here
[14:31:58] You are now DOWNLOADING the file cn.pdf
[14:31:58] You are going to download the file cn.pdf from [1]
[14:31:58] The size of the file cn.pdf is 6389067 bytes
[14:31:58] I sent request for a chunk of file cn.pdf to peer 1
[14:31:59] All chunks of file cn.pdf have been downloaded, but they must be REASSEMBLED
[14:31:59] All chunks of file cn.pdf have been SORTED, they are almost ready to be REASSEMBLED
[14:31:59] The file cn.pdf has been downloaded and saved
[14:32:10] Still here
[14:32:30] Still here
[14:32:50] Still here
[14:33:10] Still here
[14:33:30] Still here
[14:33:50] Still here
[14:34:10] Still here
[14:34:30] Still here
[17:57:54] ========================================
Peer 30 started just right now
===================================================
[17:57:54] You have entered the torrent
[17:57:54] Still here
[17:58:11] You are now DOWNLOADING the file cn.pdf
[17:58:11] You are going to download the file cn.pdf from [1]
[17:58:11] The size of the file cn.pdf is 6389067 bytes
[17:58:11] I sent request for a chunk of file cn.pdf to peer 1
[17:58:11] All chunks of file cn.pdf have been downloaded, but they must be REASSEMBLED
[17:58:11] All chunks of file cn.pdf have been SORTED, they are almost ready to be REASSEMBLED
[17:58:11] The file cn.pdf has been downloaded and saved
[17:58:14] Still here
