[13:21:19] ========================================
Peer 10 started just right now
===================================================
[13:21:19] You have entered the torrent
[13:21:19] I am informing the tracker that I am still alive.
[13:21:30] You are now DOWNLOADING the file ASS1.pdf
[13:21:39] I am informing the tracker that I am still alive.
[13:21:52] You are now DOWNLOADING the file ASS1.pdf
[13:21:59] I am informing the tracker that I am still alive.
[13:22:19] I am informing the tracker that I am still alive.
[13:22:39] I am informing the tracker that I am still alive.
[13:22:59] I am informing the tracker that I am still alive.
[13:23:19] I am informing the tracker that I am still alive.
[13:37:17] ========================================
Peer 10 started just right now
===================================================
[13:37:17] You have entered the torrent
[13:37:17] I am informing the tracker that I am still alive.
[13:37:36] You are now DOWNLOADING the file ASS1.pdf
[13:37:36] You are going to download the file ASS1.pdf from [8]
[13:37:36] The size of the file ASS1.pdf is 6389067 bytes
[13:37:36] I sent request for a chunk of file ASS1.pdf to peer 8
[13:37:37] I am informing the tracker that I am still alive.
[13:37:57] I am informing the tracker that I am still alive.
[13:38:17] I am informing the tracker that I am still alive.
[13:38:44] ========================================
Peer 10 started just right now
===================================================
[13:38:44] You have entered the torrent
[13:38:44] I am informing the tracker that I am still alive.
[13:38:58] You are now DOWNLOADING the file ASS1.pdf
[13:38:58] You are going to download the file ASS1.pdf from [8]
[13:39:04] I am informing the tracker that I am still alive.
[13:39:24] I am informing the tracker that I am still alive.
[13:39:44] I am informing the tracker that I am still alive.
[13:40:04] I am informing the tracker that I am still alive.
[13:40:24] I am informing the tracker that I am still alive.
[13:40:44] I am informing the tracker that I am still alive.
[13:41:17] ========================================
Peer 10 started just right now
===================================================
[13:41:17] You have entered the torrent
[13:41:17] I am informing the tracker that I am still alive.
[13:43:53] ========================================
Peer 10 started just right now
===================================================
[13:43:53] You have entered the torrent
[13:43:53] I am informing the tracker that I am still alive.
[13:44:10] You are now DOWNLOADING the file ASS1.pdf
[13:44:10] You are going to download the file ASS1.pdf from [9]
[13:44:10] The size of the file ASS1.pdf is 6389067 bytes
[13:44:10] I sent request for a chunk of file ASS1.pdf to peer 9
[13:44:10] All chunks of file ASS1.pdf have been downloaded, but they must be REASSEMBLED
[13:44:10] All chunks of file ASS1.pdf have been SORTED, they are almost ready to be REASSEMBLED
[13:44:11] The file ASS1.pdf has been downloaded and saved
[13:44:13] I am informing the tracker that I am still alive.
[13:44:33] I am informing the tracker that I am still alive.
[13:44:53] I am informing the tracker that I am still alive.
[13:45:13] I am informing the tracker that I am still alive.
[13:45:33] I am informing the tracker that I am still alive.
[13:45:53] I am informing the tracker that I am still alive.
[13:46:13] I am informing the tracker that I am still alive.
[13:46:33] I am informing the tracker that I am still alive.
[13:46:53] I am informing the tracker that I am still alive.
[13:47:13] I am informing the tracker that I am still alive.
[13:47:33] I am informing the tracker that I am still alive.
[13:47:53] I am informing the tracker that I am still alive.
[13:48:04] You are now in SEND mode
[13:48:13] I am informing the tracker that I am still alive.
[13:48:33] I am informing the tracker that I am still alive.
[16:23:12] You have entered the torrent
[16:24:35] You are now DOWNLOADING the file c5.pdf
[16:24:35] No other peer has the file c5.pdf
[16:25:36] You have entered the torrent
[16:25:41] You are now DOWNLOADING the file c5.pdf
[16:25:41] You are going to download the file c5.pdf from [2]
[16:25:41] The size of the file c5.pdf is 6389067 bytes
[16:25:41] I sent request for a chunk of file c5.pdf to peer 2
[16:25:41] All chunks of file c5.pdf have been downloaded, but they must be REASSEMBLED
[16:25:41] All chunks of file c5.pdf have been SORTED, they are almost ready to be REASSEMBLED
[16:25:41] The file c5.pdf has been downloaded and saved
[14:58:09] You have entered the torrent
[14:58:09] Still here
[14:58:22] Still here
[14:58:30] You are now DOWNLOADING the file cn.pdf
[14:58:30] You are going to download the file cn.pdf from [1]
[14:58:30] The size of the file cn.pdf is 6389067 bytes
[14:58:30] I sent request for a chunk of file cn.pdf to peer 1
[14:58:30] All chunks of file cn.pdf have been downloaded, but they must be REASSEMBLED
[14:58:30] All chunks of file cn.pdf have been SORTED, they are almost ready to be REASSEMBLED
[14:58:30] The file cn.pdf has been downloaded and saved
[14:58:37] You don't own the file 1
[14:58:42] Still here
[14:58:43] You are now DOWNLOADING the file h.txt
[14:58:43] You are going to download the file h.txt from [1]
[14:58:43] The size of the file h.txt is 71 bytes
[14:58:43] I sent request for a chunk of file h.txt to peer 1
[14:58:43] All chunks of file h.txt have been downloaded, but they must be REASSEMBLED
[14:58:43] All chunks of file h.txt have been SORTED, they are almost ready to be REASSEMBLED
[14:58:43] The file h.txt has been downloaded and saved
