[12:39:28] You have entered the torrent
[12:39:28] Still here
[12:39:45] Still here
[12:39:47] You have asked the tracker to SCRAPE the file cn.pdf
[12:39:47] Scrape results for file cn.pdf: Number of seeders: 1, Number of leechers: 0
[12:40:01] You are now DOWNLOADING the file cn.pdf
[12:40:01] You are going to download the file cn.pdf from [1]
[12:40:01] The size of the file cn.pdf is 6389067 bytes
[12:40:01] I sent request for a chunk of file cn.pdf to peer 1
[12:40:01] All chunks of file cn.pdf have been downloaded, but they must be REASSEMBLED
[12:40:01] All chunks of file cn.pdf have been SORTED, they are almost ready to be REASSEMBLED
[12:40:01] The file cn.pdf has been downloaded and saved
[12:40:05] Still here
[12:40:25] Still here
[12:40:45] Still here
[12:41:05] Still here
[12:41:25] Still here
[12:41:45] Still here
[12:42:05] Still here
[12:42:25] Still here
[12:42:45] Still here
[12:43:05] Still here
[12:43:25] Still here
[12:43:45] Still here
